<html>
<head>
<title>TestNG:  Test</title>
<link href="../testng.css" rel="stylesheet" type="text/css" />
<link href="../my-testng.css" rel="stylesheet" type="text/css" />

<style type="text/css">
.log { display: none;} 
.stack-trace { display: none;} 
</style>
<script type="text/javascript">
<!--
function flip(e) {
  current = e.style.display;
  if (current == 'block') {
    e.style.display = 'none';
    return 0;
  }
  else {
    e.style.display = 'block';
    return 1;
  }
}

function toggleBox(szDivId, elem, msg1, msg2)
{
  var res = -1;  if (document.getElementById) {
    res = flip(document.getElementById(szDivId));
  }
  else if (document.all) {
    // this is the way old msie versions work
    res = flip(document.all[szDivId]);
  }
  if(elem) {
    if(res == 0) elem.innerHTML = msg1; else elem.innerHTML = msg2;
  }

}

function toggleAllBoxes() {
  if (document.getElementsByTagName) {
    d = document.getElementsByTagName('div');
    for (i = 0; i < d.length; i++) {
      if (d[i].className == 'log') {
        flip(d[i]);
      }
    }
  }
}

// -->
</script>

</head>
<body>
<h2 align='center'>Test</h2><table border='1' align="center">
<tr>
<td>Tests passed/Failed/Skipped:</td><td>0/0/9</td>
</tr><tr>
<td>Started on:</td><td>Tue Nov 12 11:33:51 EET 2019</td>
</tr>
<tr><td>Total time:</td><td>3 seconds (3396 ms)</td>
</tr><tr>
<td>Included groups:</td><td></td>
</tr><tr>
<td>Excluded groups:</td><td></td>
</tr>
</table><p/>
<small><i>(Hover the method name to see the test class name)</i></small><p/>
<table width='100%' border='1' class='invocation-failed'>
<tr><td colspan='4' align='center'><b>FAILED CONFIGURATIONS</b></td></tr>
<tr><td><b>Test method</b></td>
<td width="30%"><b>Exception</b></td>
<td width="10%"><b>Time (seconds)</b></td>
<td><b>Instance</b></td>
</tr>
<tr>
<td title='AutomationTest.WorkingElements.ElementIsPresentORnot.OpenBrowser()'><b>OpenBrowser</b><br>Test class: AutomationTest.WorkingElements.ElementIsPresentORnot</td>
<td><div><pre>org.openqa.selenium.SessionNotCreatedException: session not created: This version of ChromeDriver only supports Chrome version 76
Build info: version: &apos;3.141.59&apos;, revision: &apos;e82be7d358&apos;, time: &apos;2018-11-14T08:25:48&apos;
System info: host: &apos;KERDASYPC&apos;, ip: &apos;192.168.1.88&apos;, os.name: &apos;Windows 10&apos;, os.arch: &apos;amd64&apos;, os.version: &apos;10.0&apos;, java.version: &apos;1.8.0_231&apos;
Driver info: driver.version: ChromeDriver
remote stacktrace: Backtrace:
	Ordinal0 [0x01327C93+1473683]
	Ordinal0 [0x012AADB1+961969]
	Ordinal0 [0x012342E3+475875]
	Ordinal0 [0x011CF365+62309]
	Ordinal0 [0x011CBC77+48247]
	Ordinal0 [0x011E9149+168265]
	Ordinal0 [0x011E8D1D+167197]
	Ordinal0 [0x011E742B+160811]
	Ordinal0 [0x011D0AE6+68326]
	Ordinal0 [0x011D1BF0+72688]
	Ordinal0 [0x011D1B89+72585]
	Ordinal0 [0x012C4B77+1067895]
	GetHandleVerifier [0x013C6875+506677]
	GetHandleVerifier [0x013C6610+506064]
	GetHandleVerifier [0x013CD1B8+533624]
	GetHandleVerifier [0x013C704A+508682]
	Ordinal0 [0x012BC266+1032806]
	Ordinal0 [0x012BC0DF+1032415]
	Ordinal0 [0x012C6A8B+1075851]
	Ordinal0 [0x012C6BF3+1076211]
	Ordinal0 [0x012C5BA5+1072037]
	BaseThreadInitThunk [0x75C20419+25]
	RtlGetAppContainerNamedObjectPath [0x7730662D+237]
	RtlGetAppContainerNamedObjectPath [0x773065FD+189]

	at org.openqa.selenium.remote.W3CHandshakeResponse.lambda$errorHandler$0(W3CHandshakeResponse.java:62)
	at org.openqa.selenium.remote.HandshakeResponse.lambda$getResponseFunction$0(HandshakeResponse.java:30)
	at org.openqa.selenium.remote.ProtocolHandshake.lambda$createSession$0(ProtocolHandshake.java:126)
	at java.util.stream.ReferencePipeline$3$1.accept(Unknown Source)
	at java.util.Spliterators$ArraySpliterator.tryAdvance(Unknown Source)
	at java.util.stream.ReferencePipeline.forEachWithCancel(Unknown Source)
	at java.util.stream.AbstractPipeline.copyIntoWithCancel(Unknown Source)
	at java.util.stream.AbstractPipeline.copyInto(Unknown Source)
	at java.util.stream.AbstractPipeline.wrapAndCopyInto(Unknown Source)
	at java.util.stream.FindOps$FindOp.evaluateSequential(Unknown Source)
	at java.util.stream.AbstractPipeline.evaluate(Unknown Source)
	at java.util.stream.ReferencePipeline.findFirst(Unknown Source)
	at org.openqa.selenium.remote.ProtocolHandshake.createSession(ProtocolHandshake.java:128)
	at org.openqa.selenium.remote.ProtocolHandshake.createSession(ProtocolHandshake.java:74)
	at org.openqa.selenium.remote.HttpCommandExecutor.execute(HttpCommandExecutor.java:136)
	at org.openqa.selenium.remote.service.DriverCommandExecutor.execute(DriverCommandExecutor.java:83)
	at org.openqa.selenium.remote.RemoteWebDriver.execute(RemoteWebDriver.java:552)
	at org.openqa.selenium.remote.RemoteWebDriver.startSession(RemoteWebDriver.java:213)
	at org.openqa.selenium.remote.RemoteWebDriver.&lt;init&gt;(RemoteWebDriver.java:131)
	at org.openqa.selenium.chrome.ChromeDriver.&lt;init&gt;(ChromeDriver.java:181)
	at org.openqa.selenium.chrome.ChromeDriver.&lt;init&gt;(ChromeDriver.java:168)
	at org.openqa.selenium.chrome.ChromeDriver.&lt;init&gt;(ChromeDriver.java:123)
	at AutomationTest.WorkingElements.ElementIsPresentORnot.OpenBrowser(ElementIsPresentORnot.java:31)
... Removed 28 stack frames</pre></div><a href='#' onClick='toggleBox("stack-trace634297796", this, "Click to show all stack frames", "Click to hide stack frames")'>Click to show all stack frames</a>
<div class='stack-trace' id='stack-trace634297796'><pre>org.openqa.selenium.SessionNotCreatedException: session not created: This version of ChromeDriver only supports Chrome version 76
Build info: version: &apos;3.141.59&apos;, revision: &apos;e82be7d358&apos;, time: &apos;2018-11-14T08:25:48&apos;
System info: host: &apos;KERDASYPC&apos;, ip: &apos;192.168.1.88&apos;, os.name: &apos;Windows 10&apos;, os.arch: &apos;amd64&apos;, os.version: &apos;10.0&apos;, java.version: &apos;1.8.0_231&apos;
Driver info: driver.version: ChromeDriver
remote stacktrace: Backtrace:
	Ordinal0 [0x01327C93+1473683]
	Ordinal0 [0x012AADB1+961969]
	Ordinal0 [0x012342E3+475875]
	Ordinal0 [0x011CF365+62309]
	Ordinal0 [0x011CBC77+48247]
	Ordinal0 [0x011E9149+168265]
	Ordinal0 [0x011E8D1D+167197]
	Ordinal0 [0x011E742B+160811]
	Ordinal0 [0x011D0AE6+68326]
	Ordinal0 [0x011D1BF0+72688]
	Ordinal0 [0x011D1B89+72585]
	Ordinal0 [0x012C4B77+1067895]
	GetHandleVerifier [0x013C6875+506677]
	GetHandleVerifier [0x013C6610+506064]
	GetHandleVerifier [0x013CD1B8+533624]
	GetHandleVerifier [0x013C704A+508682]
	Ordinal0 [0x012BC266+1032806]
	Ordinal0 [0x012BC0DF+1032415]
	Ordinal0 [0x012C6A8B+1075851]
	Ordinal0 [0x012C6BF3+1076211]
	Ordinal0 [0x012C5BA5+1072037]
	BaseThreadInitThunk [0x75C20419+25]
	RtlGetAppContainerNamedObjectPath [0x7730662D+237]
	RtlGetAppContainerNamedObjectPath [0x773065FD+189]

	at sun.reflect.NativeConstructorAccessorImpl.newInstance0(Native Method)
	at sun.reflect.NativeConstructorAccessorImpl.newInstance(Unknown Source)
	at sun.reflect.DelegatingConstructorAccessorImpl.newInstance(Unknown Source)
	at java.lang.reflect.Constructor.newInstance(Unknown Source)
	at org.openqa.selenium.remote.W3CHandshakeResponse.lambda$errorHandler$0(W3CHandshakeResponse.java:62)
	at org.openqa.selenium.remote.HandshakeResponse.lambda$getResponseFunction$0(HandshakeResponse.java:30)
	at org.openqa.selenium.remote.ProtocolHandshake.lambda$createSession$0(ProtocolHandshake.java:126)
	at java.util.stream.ReferencePipeline$3$1.accept(Unknown Source)
	at java.util.Spliterators$ArraySpliterator.tryAdvance(Unknown Source)
	at java.util.stream.ReferencePipeline.forEachWithCancel(Unknown Source)
	at java.util.stream.AbstractPipeline.copyIntoWithCancel(Unknown Source)
	at java.util.stream.AbstractPipeline.copyInto(Unknown Source)
	at java.util.stream.AbstractPipeline.wrapAndCopyInto(Unknown Source)
	at java.util.stream.FindOps$FindOp.evaluateSequential(Unknown Source)
	at java.util.stream.AbstractPipeline.evaluate(Unknown Source)
	at java.util.stream.ReferencePipeline.findFirst(Unknown Source)
	at org.openqa.selenium.remote.ProtocolHandshake.createSession(ProtocolHandshake.java:128)
	at org.openqa.selenium.remote.ProtocolHandshake.createSession(ProtocolHandshake.java:74)
	at org.openqa.selenium.remote.HttpCommandExecutor.execute(HttpCommandExecutor.java:136)
	at org.openqa.selenium.remote.service.DriverCommandExecutor.execute(DriverCommandExecutor.java:83)
	at org.openqa.selenium.remote.RemoteWebDriver.execute(RemoteWebDriver.java:552)
	at org.openqa.selenium.remote.RemoteWebDriver.startSession(RemoteWebDriver.java:213)
	at org.openqa.selenium.remote.RemoteWebDriver.&lt;init&gt;(RemoteWebDriver.java:131)
	at org.openqa.selenium.chrome.ChromeDriver.&lt;init&gt;(ChromeDriver.java:181)
	at org.openqa.selenium.chrome.ChromeDriver.&lt;init&gt;(ChromeDriver.java:168)
	at org.openqa.selenium.chrome.ChromeDriver.&lt;init&gt;(ChromeDriver.java:123)
	at AutomationTest.WorkingElements.ElementIsPresentORnot.OpenBrowser(ElementIsPresentORnot.java:31)
	at sun.reflect.NativeMethodAccessorImpl.invoke0(Native Method)
	at sun.reflect.NativeMethodAccessorImpl.invoke(Unknown Source)
	at sun.reflect.DelegatingMethodAccessorImpl.invoke(Unknown Source)
	at java.lang.reflect.Method.invoke(Unknown Source)
	at org.testng.internal.MethodInvocationHelper.invokeMethod(MethodInvocationHelper.java:133)
	at org.testng.internal.MethodInvocationHelper.invokeMethodConsideringTimeout(MethodInvocationHelper.java:62)
	at org.testng.internal.ConfigInvoker.invokeConfigurationMethod(ConfigInvoker.java:340)
	at org.testng.internal.ConfigInvoker.invokeConfigurations(ConfigInvoker.java:294)
	at org.testng.TestRunner.invokeTestConfigurations(TestRunner.java:623)
	at org.testng.TestRunner.beforeRun(TestRunner.java:613)
	at org.testng.TestRunner.run(TestRunner.java:584)
	at org.testng.SuiteRunner.runTest(SuiteRunner.java:402)
	at org.testng.SuiteRunner.runSequentially(SuiteRunner.java:396)
	at org.testng.SuiteRunner.privateRun(SuiteRunner.java:355)
	at org.testng.SuiteRunner.run(SuiteRunner.java:304)
	at org.testng.SuiteRunnerWorker.runSuite(SuiteRunnerWorker.java:53)
	at org.testng.SuiteRunnerWorker.run(SuiteRunnerWorker.java:96)
	at org.testng.TestNG.runSuitesSequentially(TestNG.java:1180)
	at org.testng.TestNG.runSuitesLocally(TestNG.java:1102)
	at org.testng.TestNG.runSuites(TestNG.java:1032)
	at org.testng.TestNG.run(TestNG.java:1000)
	at org.testng.remote.AbstractRemoteTestNG.run(AbstractRemoteTestNG.java:115)
	at org.testng.remote.RemoteTestNG.initAndRun(RemoteTestNG.java:251)
	at org.testng.remote.RemoteTestNG.main(RemoteTestNG.java:77)
</pre></div></td>
<td>3</td>
<td>AutomationTest.WorkingElements.ElementIsPresentORnot@5e853265</td></tr>
</table><p>
<table width='100%' border='1' class='invocation-skipped'>
<tr><td colspan='4' align='center'><b>SKIPPED CONFIGURATIONS</b></td></tr>
<tr><td><b>Test method</b></td>
<td width="30%"><b>Exception</b></td>
<td width="10%"><b>Time (seconds)</b></td>
<td><b>Instance</b></td>
</tr>
<tr>
<td title='AutomationTest.WorkingElements.TextBoxesAndButton.OpenBrowser()'><b>OpenBrowser</b><br>Test class: AutomationTest.WorkingElements.TextBoxesAndButton</td>
<td></td>
<td>-1573551235</td>
<td>AutomationTest.WorkingElements.TextBoxesAndButton@30b8a058</td></tr>
<tr>
<td title='AutomationTest.WorkingElements.WorkingWithCheckBoxes.OpenBrowser()'><b>OpenBrowser</b><br>Test class: AutomationTest.WorkingElements.WorkingWithCheckBoxes</td>
<td></td>
<td>-1573551235</td>
<td>AutomationTest.WorkingElements.WorkingWithCheckBoxes@7494e528</td></tr>
<tr>
<td title='AutomationTest.WorkingElements.WorkingWithDoupleClicking.OpenBrowser()'><b>OpenBrowser</b><br>Test class: AutomationTest.WorkingElements.WorkingWithDoupleClicking</td>
<td></td>
<td>-1573551235</td>
<td>AutomationTest.WorkingElements.WorkingWithDoupleClicking@6c49835d</td></tr>
<tr>
<td title='AutomationTest.WorkingElements.WorkingWithDragAndDrop.OpenBrowser()'><b>OpenBrowser</b><br>Test class: AutomationTest.WorkingElements.WorkingWithDragAndDrop</td>
<td></td>
<td>-1573551235</td>
<td>AutomationTest.WorkingElements.WorkingWithDragAndDrop@7c29daf3</td></tr>
<tr>
<td title='AutomationTest.WorkingElements.WorkingWithDropDownList.OpenBrowser()'><b>OpenBrowser</b><br>Test class: AutomationTest.WorkingElements.WorkingWithDropDownList</td>
<td></td>
<td>-1573551235</td>
<td>AutomationTest.WorkingElements.WorkingWithDropDownList@4bbfb90a</td></tr>
<tr>
<td title='AutomationTest.WorkingElements.WorkingWithHTML5video.OpenBrowser()'><b>OpenBrowser</b><br>Test class: AutomationTest.WorkingElements.WorkingWithHTML5video</td>
<td></td>
<td>-1573551235</td>
<td>AutomationTest.WorkingElements.WorkingWithHTML5video@9660f4e</td></tr>
<tr>
<td title='AutomationTest.WorkingElements.WorkingWithTables.OpenBrowser()'><b>OpenBrowser</b><br>Test class: AutomationTest.WorkingElements.WorkingWithTables</td>
<td></td>
<td>-1573551235</td>
<td>AutomationTest.WorkingElements.WorkingWithTables@68bbe345</td></tr>
<tr>
<td title='AutomationTest.WorkingElements.WorkingWithTakeScreenshot.OpenBrowser()'><b>OpenBrowser</b><br>Test class: AutomationTest.WorkingElements.WorkingWithTakeScreenshot</td>
<td></td>
<td>-1573551235</td>
<td>AutomationTest.WorkingElements.WorkingWithTakeScreenshot@5a8806ef</td></tr>
<tr>
<td title='AutomationTest.WorkingElements.WorkingWithTakeScreenshot.TakeScreenShotTest()'><b>TakeScreenShotTest</b><br>Test class: AutomationTest.WorkingElements.WorkingWithTakeScreenshot</td>
<td></td>
<td>-1573551235</td>
<td>AutomationTest.WorkingElements.WorkingWithTakeScreenshot@5a8806ef</td></tr>
<tr>
<td title='AutomationTest.WorkingElements.ElementIsPresentORnot.CloseBrowser()'><b>CloseBrowser</b><br>Test class: AutomationTest.WorkingElements.ElementIsPresentORnot</td>
<td></td>
<td>-1573551235</td>
<td>AutomationTest.WorkingElements.ElementIsPresentORnot@5e853265</td></tr>
<tr>
<td title='AutomationTest.WorkingElements.TextBoxesAndButton.CloseBrowser()'><b>CloseBrowser</b><br>Test class: AutomationTest.WorkingElements.TextBoxesAndButton</td>
<td></td>
<td>-1573551235</td>
<td>AutomationTest.WorkingElements.TextBoxesAndButton@30b8a058</td></tr>
<tr>
<td title='AutomationTest.WorkingElements.WorkingWithCheckBoxes.CloseBrowser()'><b>CloseBrowser</b><br>Test class: AutomationTest.WorkingElements.WorkingWithCheckBoxes</td>
<td></td>
<td>-1573551235</td>
<td>AutomationTest.WorkingElements.WorkingWithCheckBoxes@7494e528</td></tr>
<tr>
<td title='AutomationTest.WorkingElements.WorkingWithDoupleClicking.CloseBrowser()'><b>CloseBrowser</b><br>Test class: AutomationTest.WorkingElements.WorkingWithDoupleClicking</td>
<td></td>
<td>-1573551235</td>
<td>AutomationTest.WorkingElements.WorkingWithDoupleClicking@6c49835d</td></tr>
<tr>
<td title='AutomationTest.WorkingElements.WorkingWithDragAndDrop.CloseBrowser()'><b>CloseBrowser</b><br>Test class: AutomationTest.WorkingElements.WorkingWithDragAndDrop</td>
<td></td>
<td>-1573551235</td>
<td>AutomationTest.WorkingElements.WorkingWithDragAndDrop@7c29daf3</td></tr>
<tr>
<td title='AutomationTest.WorkingElements.WorkingWithDropDownList.CloseBrowser()'><b>CloseBrowser</b><br>Test class: AutomationTest.WorkingElements.WorkingWithDropDownList</td>
<td></td>
<td>-1573551235</td>
<td>AutomationTest.WorkingElements.WorkingWithDropDownList@4bbfb90a</td></tr>
<tr>
<td title='AutomationTest.WorkingElements.WorkingWithHTML5video.CloseBrowser()'><b>CloseBrowser</b><br>Test class: AutomationTest.WorkingElements.WorkingWithHTML5video</td>
<td></td>
<td>-1573551235</td>
<td>AutomationTest.WorkingElements.WorkingWithHTML5video@9660f4e</td></tr>
<tr>
<td title='AutomationTest.WorkingElements.WorkingWithTables.CloseBrowser()'><b>CloseBrowser</b><br>Test class: AutomationTest.WorkingElements.WorkingWithTables</td>
<td></td>
<td>-1573551235</td>
<td>AutomationTest.WorkingElements.WorkingWithTables@68bbe345</td></tr>
<tr>
<td title='AutomationTest.WorkingElements.WorkingWithTakeScreenshot.CloseBrowser()'><b>CloseBrowser</b><br>Test class: AutomationTest.WorkingElements.WorkingWithTakeScreenshot</td>
<td></td>
<td>-1573551235</td>
<td>AutomationTest.WorkingElements.WorkingWithTakeScreenshot@5a8806ef</td></tr>
</table><p>
<table width='100%' border='1' class='invocation-skipped'>
<tr><td colspan='4' align='center'><b>SKIPPED TESTS</b></td></tr>
<tr><td><b>Test method</b></td>
<td width="30%"><b>Exception</b></td>
<td width="10%"><b>Time (seconds)</b></td>
<td><b>Instance</b></td>
</tr>
<tr>
<td title='AutomationTest.WorkingElements.WorkingWithDoupleClicking.DoupleClickingTest()'><b>DoupleClickingTest</b><br>Test class: AutomationTest.WorkingElements.WorkingWithDoupleClicking</td>
<td><div><pre>org.openqa.selenium.SessionNotCreatedException: session not created: This version of ChromeDriver only supports Chrome version 76
Build info: version: &apos;3.141.59&apos;, revision: &apos;e82be7d358&apos;, time: &apos;2018-11-14T08:25:48&apos;
System info: host: &apos;KERDASYPC&apos;, ip: &apos;192.168.1.88&apos;, os.name: &apos;Windows 10&apos;, os.arch: &apos;amd64&apos;, os.version: &apos;10.0&apos;, java.version: &apos;1.8.0_231&apos;
Driver info: driver.version: ChromeDriver
remote stacktrace: Backtrace:
	Ordinal0 [0x01327C93+1473683]
	Ordinal0 [0x012AADB1+961969]
	Ordinal0 [0x012342E3+475875]
	Ordinal0 [0x011CF365+62309]
	Ordinal0 [0x011CBC77+48247]
	Ordinal0 [0x011E9149+168265]
	Ordinal0 [0x011E8D1D+167197]
	Ordinal0 [0x011E742B+160811]
	Ordinal0 [0x011D0AE6+68326]
	Ordinal0 [0x011D1BF0+72688]
	Ordinal0 [0x011D1B89+72585]
	Ordinal0 [0x012C4B77+1067895]
	GetHandleVerifier [0x013C6875+506677]
	GetHandleVerifier [0x013C6610+506064]
	GetHandleVerifier [0x013CD1B8+533624]
	GetHandleVerifier [0x013C704A+508682]
	Ordinal0 [0x012BC266+1032806]
	Ordinal0 [0x012BC0DF+1032415]
	Ordinal0 [0x012C6A8B+1075851]
	Ordinal0 [0x012C6BF3+1076211]
	Ordinal0 [0x012C5BA5+1072037]
	BaseThreadInitThunk [0x75C20419+25]
	RtlGetAppContainerNamedObjectPath [0x7730662D+237]
	RtlGetAppContainerNamedObjectPath [0x773065FD+189]

	at org.openqa.selenium.remote.W3CHandshakeResponse.lambda$errorHandler$0(W3CHandshakeResponse.java:62)
	at org.openqa.selenium.remote.HandshakeResponse.lambda$getResponseFunction$0(HandshakeResponse.java:30)
	at org.openqa.selenium.remote.ProtocolHandshake.lambda$createSession$0(ProtocolHandshake.java:126)
	at java.util.stream.ReferencePipeline$3$1.accept(Unknown Source)
	at java.util.Spliterators$ArraySpliterator.tryAdvance(Unknown Source)
	at java.util.stream.ReferencePipeline.forEachWithCancel(Unknown Source)
	at java.util.stream.AbstractPipeline.copyIntoWithCancel(Unknown Source)
	at java.util.stream.AbstractPipeline.copyInto(Unknown Source)
	at java.util.stream.AbstractPipeline.wrapAndCopyInto(Unknown Source)
	at java.util.stream.FindOps$FindOp.evaluateSequential(Unknown Source)
	at java.util.stream.AbstractPipeline.evaluate(Unknown Source)
	at java.util.stream.ReferencePipeline.findFirst(Unknown Source)
	at org.openqa.selenium.remote.ProtocolHandshake.createSession(ProtocolHandshake.java:128)
	at org.openqa.selenium.remote.ProtocolHandshake.createSession(ProtocolHandshake.java:74)
	at org.openqa.selenium.remote.HttpCommandExecutor.execute(HttpCommandExecutor.java:136)
	at org.openqa.selenium.remote.service.DriverCommandExecutor.execute(DriverCommandExecutor.java:83)
	at org.openqa.selenium.remote.RemoteWebDriver.execute(RemoteWebDriver.java:552)
	at org.openqa.selenium.remote.RemoteWebDriver.startSession(RemoteWebDriver.java:213)
	at org.openqa.selenium.remote.RemoteWebDriver.&lt;init&gt;(RemoteWebDriver.java:131)
	at org.openqa.selenium.chrome.ChromeDriver.&lt;init&gt;(ChromeDriver.java:181)
	at org.openqa.selenium.chrome.ChromeDriver.&lt;init&gt;(ChromeDriver.java:168)
	at org.openqa.selenium.chrome.ChromeDriver.&lt;init&gt;(ChromeDriver.java:123)
	at AutomationTest.WorkingElements.ElementIsPresentORnot.OpenBrowser(ElementIsPresentORnot.java:31)
... Removed 28 stack frames</pre></div><a href='#' onClick='toggleBox("stack-trace897848096", this, "Click to show all stack frames", "Click to hide stack frames")'>Click to show all stack frames</a>
<div class='stack-trace' id='stack-trace897848096'><pre>org.openqa.selenium.SessionNotCreatedException: session not created: This version of ChromeDriver only supports Chrome version 76
Build info: version: &apos;3.141.59&apos;, revision: &apos;e82be7d358&apos;, time: &apos;2018-11-14T08:25:48&apos;
System info: host: &apos;KERDASYPC&apos;, ip: &apos;192.168.1.88&apos;, os.name: &apos;Windows 10&apos;, os.arch: &apos;amd64&apos;, os.version: &apos;10.0&apos;, java.version: &apos;1.8.0_231&apos;
Driver info: driver.version: ChromeDriver
remote stacktrace: Backtrace:
	Ordinal0 [0x01327C93+1473683]
	Ordinal0 [0x012AADB1+961969]
	Ordinal0 [0x012342E3+475875]
	Ordinal0 [0x011CF365+62309]
	Ordinal0 [0x011CBC77+48247]
	Ordinal0 [0x011E9149+168265]
	Ordinal0 [0x011E8D1D+167197]
	Ordinal0 [0x011E742B+160811]
	Ordinal0 [0x011D0AE6+68326]
	Ordinal0 [0x011D1BF0+72688]
	Ordinal0 [0x011D1B89+72585]
	Ordinal0 [0x012C4B77+1067895]
	GetHandleVerifier [0x013C6875+506677]
	GetHandleVerifier [0x013C6610+506064]
	GetHandleVerifier [0x013CD1B8+533624]
	GetHandleVerifier [0x013C704A+508682]
	Ordinal0 [0x012BC266+1032806]
	Ordinal0 [0x012BC0DF+1032415]
	Ordinal0 [0x012C6A8B+1075851]
	Ordinal0 [0x012C6BF3+1076211]
	Ordinal0 [0x012C5BA5+1072037]
	BaseThreadInitThunk [0x75C20419+25]
	RtlGetAppContainerNamedObjectPath [0x7730662D+237]
	RtlGetAppContainerNamedObjectPath [0x773065FD+189]

	at sun.reflect.NativeConstructorAccessorImpl.newInstance0(Native Method)
	at sun.reflect.NativeConstructorAccessorImpl.newInstance(Unknown Source)
	at sun.reflect.DelegatingConstructorAccessorImpl.newInstance(Unknown Source)
	at java.lang.reflect.Constructor.newInstance(Unknown Source)
	at org.openqa.selenium.remote.W3CHandshakeResponse.lambda$errorHandler$0(W3CHandshakeResponse.java:62)
	at org.openqa.selenium.remote.HandshakeResponse.lambda$getResponseFunction$0(HandshakeResponse.java:30)
	at org.openqa.selenium.remote.ProtocolHandshake.lambda$createSession$0(ProtocolHandshake.java:126)
	at java.util.stream.ReferencePipeline$3$1.accept(Unknown Source)
	at java.util.Spliterators$ArraySpliterator.tryAdvance(Unknown Source)
	at java.util.stream.ReferencePipeline.forEachWithCancel(Unknown Source)
	at java.util.stream.AbstractPipeline.copyIntoWithCancel(Unknown Source)
	at java.util.stream.AbstractPipeline.copyInto(Unknown Source)
	at java.util.stream.AbstractPipeline.wrapAndCopyInto(Unknown Source)
	at java.util.stream.FindOps$FindOp.evaluateSequential(Unknown Source)
	at java.util.stream.AbstractPipeline.evaluate(Unknown Source)
	at java.util.stream.ReferencePipeline.findFirst(Unknown Source)
	at org.openqa.selenium.remote.ProtocolHandshake.createSession(ProtocolHandshake.java:128)
	at org.openqa.selenium.remote.ProtocolHandshake.createSession(ProtocolHandshake.java:74)
	at org.openqa.selenium.remote.HttpCommandExecutor.execute(HttpCommandExecutor.java:136)
	at org.openqa.selenium.remote.service.DriverCommandExecutor.execute(DriverCommandExecutor.java:83)
	at org.openqa.selenium.remote.RemoteWebDriver.execute(RemoteWebDriver.java:552)
	at org.openqa.selenium.remote.RemoteWebDriver.startSession(RemoteWebDriver.java:213)
	at org.openqa.selenium.remote.RemoteWebDriver.&lt;init&gt;(RemoteWebDriver.java:131)
	at org.openqa.selenium.chrome.ChromeDriver.&lt;init&gt;(ChromeDriver.java:181)
	at org.openqa.selenium.chrome.ChromeDriver.&lt;init&gt;(ChromeDriver.java:168)
	at org.openqa.selenium.chrome.ChromeDriver.&lt;init&gt;(ChromeDriver.java:123)
	at AutomationTest.WorkingElements.ElementIsPresentORnot.OpenBrowser(ElementIsPresentORnot.java:31)
	at sun.reflect.NativeMethodAccessorImpl.invoke0(Native Method)
	at sun.reflect.NativeMethodAccessorImpl.invoke(Unknown Source)
	at sun.reflect.DelegatingMethodAccessorImpl.invoke(Unknown Source)
	at java.lang.reflect.Method.invoke(Unknown Source)
	at org.testng.internal.MethodInvocationHelper.invokeMethod(MethodInvocationHelper.java:133)
	at org.testng.internal.MethodInvocationHelper.invokeMethodConsideringTimeout(MethodInvocationHelper.java:62)
	at org.testng.internal.ConfigInvoker.invokeConfigurationMethod(ConfigInvoker.java:340)
	at org.testng.internal.ConfigInvoker.invokeConfigurations(ConfigInvoker.java:294)
	at org.testng.TestRunner.invokeTestConfigurations(TestRunner.java:623)
	at org.testng.TestRunner.beforeRun(TestRunner.java:613)
	at org.testng.TestRunner.run(TestRunner.java:584)
	at org.testng.SuiteRunner.runTest(SuiteRunner.java:402)
	at org.testng.SuiteRunner.runSequentially(SuiteRunner.java:396)
	at org.testng.SuiteRunner.privateRun(SuiteRunner.java:355)
	at org.testng.SuiteRunner.run(SuiteRunner.java:304)
	at org.testng.SuiteRunnerWorker.runSuite(SuiteRunnerWorker.java:53)
	at org.testng.SuiteRunnerWorker.run(SuiteRunnerWorker.java:96)
	at org.testng.TestNG.runSuitesSequentially(TestNG.java:1180)
	at org.testng.TestNG.runSuitesLocally(TestNG.java:1102)
	at org.testng.TestNG.runSuites(TestNG.java:1032)
	at org.testng.TestNG.run(TestNG.java:1000)
	at org.testng.remote.AbstractRemoteTestNG.run(AbstractRemoteTestNG.java:115)
	at org.testng.remote.RemoteTestNG.initAndRun(RemoteTestNG.java:251)
	at org.testng.remote.RemoteTestNG.main(RemoteTestNG.java:77)
</pre></div></td>
<td>0</td>
<td>AutomationTest.WorkingElements.WorkingWithDoupleClicking@6c49835d</td></tr>
<tr>
<td title='AutomationTest.WorkingElements.WorkingWithDragAndDrop.DragAndDropTest()'><b>DragAndDropTest</b><br>Test class: AutomationTest.WorkingElements.WorkingWithDragAndDrop</td>
<td><div><pre>org.openqa.selenium.SessionNotCreatedException: session not created: This version of ChromeDriver only supports Chrome version 76
Build info: version: &apos;3.141.59&apos;, revision: &apos;e82be7d358&apos;, time: &apos;2018-11-14T08:25:48&apos;
System info: host: &apos;KERDASYPC&apos;, ip: &apos;192.168.1.88&apos;, os.name: &apos;Windows 10&apos;, os.arch: &apos;amd64&apos;, os.version: &apos;10.0&apos;, java.version: &apos;1.8.0_231&apos;
Driver info: driver.version: ChromeDriver
remote stacktrace: Backtrace:
	Ordinal0 [0x01327C93+1473683]
	Ordinal0 [0x012AADB1+961969]
	Ordinal0 [0x012342E3+475875]
	Ordinal0 [0x011CF365+62309]
	Ordinal0 [0x011CBC77+48247]
	Ordinal0 [0x011E9149+168265]
	Ordinal0 [0x011E8D1D+167197]
	Ordinal0 [0x011E742B+160811]
	Ordinal0 [0x011D0AE6+68326]
	Ordinal0 [0x011D1BF0+72688]
	Ordinal0 [0x011D1B89+72585]
	Ordinal0 [0x012C4B77+1067895]
	GetHandleVerifier [0x013C6875+506677]
	GetHandleVerifier [0x013C6610+506064]
	GetHandleVerifier [0x013CD1B8+533624]
	GetHandleVerifier [0x013C704A+508682]
	Ordinal0 [0x012BC266+1032806]
	Ordinal0 [0x012BC0DF+1032415]
	Ordinal0 [0x012C6A8B+1075851]
	Ordinal0 [0x012C6BF3+1076211]
	Ordinal0 [0x012C5BA5+1072037]
	BaseThreadInitThunk [0x75C20419+25]
	RtlGetAppContainerNamedObjectPath [0x7730662D+237]
	RtlGetAppContainerNamedObjectPath [0x773065FD+189]

	at org.openqa.selenium.remote.W3CHandshakeResponse.lambda$errorHandler$0(W3CHandshakeResponse.java:62)
	at org.openqa.selenium.remote.HandshakeResponse.lambda$getResponseFunction$0(HandshakeResponse.java:30)
	at org.openqa.selenium.remote.ProtocolHandshake.lambda$createSession$0(ProtocolHandshake.java:126)
	at java.util.stream.ReferencePipeline$3$1.accept(Unknown Source)
	at java.util.Spliterators$ArraySpliterator.tryAdvance(Unknown Source)
	at java.util.stream.ReferencePipeline.forEachWithCancel(Unknown Source)
	at java.util.stream.AbstractPipeline.copyIntoWithCancel(Unknown Source)
	at java.util.stream.AbstractPipeline.copyInto(Unknown Source)
	at java.util.stream.AbstractPipeline.wrapAndCopyInto(Unknown Source)
	at java.util.stream.FindOps$FindOp.evaluateSequential(Unknown Source)
	at java.util.stream.AbstractPipeline.evaluate(Unknown Source)
	at java.util.stream.ReferencePipeline.findFirst(Unknown Source)
	at org.openqa.selenium.remote.ProtocolHandshake.createSession(ProtocolHandshake.java:128)
	at org.openqa.selenium.remote.ProtocolHandshake.createSession(ProtocolHandshake.java:74)
	at org.openqa.selenium.remote.HttpCommandExecutor.execute(HttpCommandExecutor.java:136)
	at org.openqa.selenium.remote.service.DriverCommandExecutor.execute(DriverCommandExecutor.java:83)
	at org.openqa.selenium.remote.RemoteWebDriver.execute(RemoteWebDriver.java:552)
	at org.openqa.selenium.remote.RemoteWebDriver.startSession(RemoteWebDriver.java:213)
	at org.openqa.selenium.remote.RemoteWebDriver.&lt;init&gt;(RemoteWebDriver.java:131)
	at org.openqa.selenium.chrome.ChromeDriver.&lt;init&gt;(ChromeDriver.java:181)
	at org.openqa.selenium.chrome.ChromeDriver.&lt;init&gt;(ChromeDriver.java:168)
	at org.openqa.selenium.chrome.ChromeDriver.&lt;init&gt;(ChromeDriver.java:123)
	at AutomationTest.WorkingElements.ElementIsPresentORnot.OpenBrowser(ElementIsPresentORnot.java:31)
... Removed 28 stack frames</pre></div><a href='#' onClick='toggleBox("stack-trace429075478", this, "Click to show all stack frames", "Click to hide stack frames")'>Click to show all stack frames</a>
<div class='stack-trace' id='stack-trace429075478'><pre>org.openqa.selenium.SessionNotCreatedException: session not created: This version of ChromeDriver only supports Chrome version 76
Build info: version: &apos;3.141.59&apos;, revision: &apos;e82be7d358&apos;, time: &apos;2018-11-14T08:25:48&apos;
System info: host: &apos;KERDASYPC&apos;, ip: &apos;192.168.1.88&apos;, os.name: &apos;Windows 10&apos;, os.arch: &apos;amd64&apos;, os.version: &apos;10.0&apos;, java.version: &apos;1.8.0_231&apos;
Driver info: driver.version: ChromeDriver
remote stacktrace: Backtrace:
	Ordinal0 [0x01327C93+1473683]
	Ordinal0 [0x012AADB1+961969]
	Ordinal0 [0x012342E3+475875]
	Ordinal0 [0x011CF365+62309]
	Ordinal0 [0x011CBC77+48247]
	Ordinal0 [0x011E9149+168265]
	Ordinal0 [0x011E8D1D+167197]
	Ordinal0 [0x011E742B+160811]
	Ordinal0 [0x011D0AE6+68326]
	Ordinal0 [0x011D1BF0+72688]
	Ordinal0 [0x011D1B89+72585]
	Ordinal0 [0x012C4B77+1067895]
	GetHandleVerifier [0x013C6875+506677]
	GetHandleVerifier [0x013C6610+506064]
	GetHandleVerifier [0x013CD1B8+533624]
	GetHandleVerifier [0x013C704A+508682]
	Ordinal0 [0x012BC266+1032806]
	Ordinal0 [0x012BC0DF+1032415]
	Ordinal0 [0x012C6A8B+1075851]
	Ordinal0 [0x012C6BF3+1076211]
	Ordinal0 [0x012C5BA5+1072037]
	BaseThreadInitThunk [0x75C20419+25]
	RtlGetAppContainerNamedObjectPath [0x7730662D+237]
	RtlGetAppContainerNamedObjectPath [0x773065FD+189]

	at sun.reflect.NativeConstructorAccessorImpl.newInstance0(Native Method)
	at sun.reflect.NativeConstructorAccessorImpl.newInstance(Unknown Source)
	at sun.reflect.DelegatingConstructorAccessorImpl.newInstance(Unknown Source)
	at java.lang.reflect.Constructor.newInstance(Unknown Source)
	at org.openqa.selenium.remote.W3CHandshakeResponse.lambda$errorHandler$0(W3CHandshakeResponse.java:62)
	at org.openqa.selenium.remote.HandshakeResponse.lambda$getResponseFunction$0(HandshakeResponse.java:30)
	at org.openqa.selenium.remote.ProtocolHandshake.lambda$createSession$0(ProtocolHandshake.java:126)
	at java.util.stream.ReferencePipeline$3$1.accept(Unknown Source)
	at java.util.Spliterators$ArraySpliterator.tryAdvance(Unknown Source)
	at java.util.stream.ReferencePipeline.forEachWithCancel(Unknown Source)
	at java.util.stream.AbstractPipeline.copyIntoWithCancel(Unknown Source)
	at java.util.stream.AbstractPipeline.copyInto(Unknown Source)
	at java.util.stream.AbstractPipeline.wrapAndCopyInto(Unknown Source)
	at java.util.stream.FindOps$FindOp.evaluateSequential(Unknown Source)
	at java.util.stream.AbstractPipeline.evaluate(Unknown Source)
	at java.util.stream.ReferencePipeline.findFirst(Unknown Source)
	at org.openqa.selenium.remote.ProtocolHandshake.createSession(ProtocolHandshake.java:128)
	at org.openqa.selenium.remote.ProtocolHandshake.createSession(ProtocolHandshake.java:74)
	at org.openqa.selenium.remote.HttpCommandExecutor.execute(HttpCommandExecutor.java:136)
	at org.openqa.selenium.remote.service.DriverCommandExecutor.execute(DriverCommandExecutor.java:83)
	at org.openqa.selenium.remote.RemoteWebDriver.execute(RemoteWebDriver.java:552)
	at org.openqa.selenium.remote.RemoteWebDriver.startSession(RemoteWebDriver.java:213)
	at org.openqa.selenium.remote.RemoteWebDriver.&lt;init&gt;(RemoteWebDriver.java:131)
	at org.openqa.selenium.chrome.ChromeDriver.&lt;init&gt;(ChromeDriver.java:181)
	at org.openqa.selenium.chrome.ChromeDriver.&lt;init&gt;(ChromeDriver.java:168)
	at org.openqa.selenium.chrome.ChromeDriver.&lt;init&gt;(ChromeDriver.java:123)
	at AutomationTest.WorkingElements.ElementIsPresentORnot.OpenBrowser(ElementIsPresentORnot.java:31)
	at sun.reflect.NativeMethodAccessorImpl.invoke0(Native Method)
	at sun.reflect.NativeMethodAccessorImpl.invoke(Unknown Source)
	at sun.reflect.DelegatingMethodAccessorImpl.invoke(Unknown Source)
	at java.lang.reflect.Method.invoke(Unknown Source)
	at org.testng.internal.MethodInvocationHelper.invokeMethod(MethodInvocationHelper.java:133)
	at org.testng.internal.MethodInvocationHelper.invokeMethodConsideringTimeout(MethodInvocationHelper.java:62)
	at org.testng.internal.ConfigInvoker.invokeConfigurationMethod(ConfigInvoker.java:340)
	at org.testng.internal.ConfigInvoker.invokeConfigurations(ConfigInvoker.java:294)
	at org.testng.TestRunner.invokeTestConfigurations(TestRunner.java:623)
	at org.testng.TestRunner.beforeRun(TestRunner.java:613)
	at org.testng.TestRunner.run(TestRunner.java:584)
	at org.testng.SuiteRunner.runTest(SuiteRunner.java:402)
	at org.testng.SuiteRunner.runSequentially(SuiteRunner.java:396)
	at org.testng.SuiteRunner.privateRun(SuiteRunner.java:355)
	at org.testng.SuiteRunner.run(SuiteRunner.java:304)
	at org.testng.SuiteRunnerWorker.runSuite(SuiteRunnerWorker.java:53)
	at org.testng.SuiteRunnerWorker.run(SuiteRunnerWorker.java:96)
	at org.testng.TestNG.runSuitesSequentially(TestNG.java:1180)
	at org.testng.TestNG.runSuitesLocally(TestNG.java:1102)
	at org.testng.TestNG.runSuites(TestNG.java:1032)
	at org.testng.TestNG.run(TestNG.java:1000)
	at org.testng.remote.AbstractRemoteTestNG.run(AbstractRemoteTestNG.java:115)
	at org.testng.remote.RemoteTestNG.initAndRun(RemoteTestNG.java:251)
	at org.testng.remote.RemoteTestNG.main(RemoteTestNG.java:77)
</pre></div></td>
<td>0</td>
<td>AutomationTest.WorkingElements.WorkingWithDragAndDrop@7c29daf3</td></tr>
<tr>
<td title='AutomationTest.WorkingElements.ElementIsPresentORnot.FindElement()'><b>FindElement</b><br>Test class: AutomationTest.WorkingElements.ElementIsPresentORnot</td>
<td><div><pre>org.openqa.selenium.SessionNotCreatedException: session not created: This version of ChromeDriver only supports Chrome version 76
Build info: version: &apos;3.141.59&apos;, revision: &apos;e82be7d358&apos;, time: &apos;2018-11-14T08:25:48&apos;
System info: host: &apos;KERDASYPC&apos;, ip: &apos;192.168.1.88&apos;, os.name: &apos;Windows 10&apos;, os.arch: &apos;amd64&apos;, os.version: &apos;10.0&apos;, java.version: &apos;1.8.0_231&apos;
Driver info: driver.version: ChromeDriver
remote stacktrace: Backtrace:
	Ordinal0 [0x01327C93+1473683]
	Ordinal0 [0x012AADB1+961969]
	Ordinal0 [0x012342E3+475875]
	Ordinal0 [0x011CF365+62309]
	Ordinal0 [0x011CBC77+48247]
	Ordinal0 [0x011E9149+168265]
	Ordinal0 [0x011E8D1D+167197]
	Ordinal0 [0x011E742B+160811]
	Ordinal0 [0x011D0AE6+68326]
	Ordinal0 [0x011D1BF0+72688]
	Ordinal0 [0x011D1B89+72585]
	Ordinal0 [0x012C4B77+1067895]
	GetHandleVerifier [0x013C6875+506677]
	GetHandleVerifier [0x013C6610+506064]
	GetHandleVerifier [0x013CD1B8+533624]
	GetHandleVerifier [0x013C704A+508682]
	Ordinal0 [0x012BC266+1032806]
	Ordinal0 [0x012BC0DF+1032415]
	Ordinal0 [0x012C6A8B+1075851]
	Ordinal0 [0x012C6BF3+1076211]
	Ordinal0 [0x012C5BA5+1072037]
	BaseThreadInitThunk [0x75C20419+25]
	RtlGetAppContainerNamedObjectPath [0x7730662D+237]
	RtlGetAppContainerNamedObjectPath [0x773065FD+189]

	at org.openqa.selenium.remote.W3CHandshakeResponse.lambda$errorHandler$0(W3CHandshakeResponse.java:62)
	at org.openqa.selenium.remote.HandshakeResponse.lambda$getResponseFunction$0(HandshakeResponse.java:30)
	at org.openqa.selenium.remote.ProtocolHandshake.lambda$createSession$0(ProtocolHandshake.java:126)
	at java.util.stream.ReferencePipeline$3$1.accept(Unknown Source)
	at java.util.Spliterators$ArraySpliterator.tryAdvance(Unknown Source)
	at java.util.stream.ReferencePipeline.forEachWithCancel(Unknown Source)
	at java.util.stream.AbstractPipeline.copyIntoWithCancel(Unknown Source)
	at java.util.stream.AbstractPipeline.copyInto(Unknown Source)
	at java.util.stream.AbstractPipeline.wrapAndCopyInto(Unknown Source)
	at java.util.stream.FindOps$FindOp.evaluateSequential(Unknown Source)
	at java.util.stream.AbstractPipeline.evaluate(Unknown Source)
	at java.util.stream.ReferencePipeline.findFirst(Unknown Source)
	at org.openqa.selenium.remote.ProtocolHandshake.createSession(ProtocolHandshake.java:128)
	at org.openqa.selenium.remote.ProtocolHandshake.createSession(ProtocolHandshake.java:74)
	at org.openqa.selenium.remote.HttpCommandExecutor.execute(HttpCommandExecutor.java:136)
	at org.openqa.selenium.remote.service.DriverCommandExecutor.execute(DriverCommandExecutor.java:83)
	at org.openqa.selenium.remote.RemoteWebDriver.execute(RemoteWebDriver.java:552)
	at org.openqa.selenium.remote.RemoteWebDriver.startSession(RemoteWebDriver.java:213)
	at org.openqa.selenium.remote.RemoteWebDriver.&lt;init&gt;(RemoteWebDriver.java:131)
	at org.openqa.selenium.chrome.ChromeDriver.&lt;init&gt;(ChromeDriver.java:181)
	at org.openqa.selenium.chrome.ChromeDriver.&lt;init&gt;(ChromeDriver.java:168)
	at org.openqa.selenium.chrome.ChromeDriver.&lt;init&gt;(ChromeDriver.java:123)
	at AutomationTest.WorkingElements.ElementIsPresentORnot.OpenBrowser(ElementIsPresentORnot.java:31)
... Removed 28 stack frames</pre></div><a href='#' onClick='toggleBox("stack-trace1863374262", this, "Click to show all stack frames", "Click to hide stack frames")'>Click to show all stack frames</a>
<div class='stack-trace' id='stack-trace1863374262'><pre>org.openqa.selenium.SessionNotCreatedException: session not created: This version of ChromeDriver only supports Chrome version 76
Build info: version: &apos;3.141.59&apos;, revision: &apos;e82be7d358&apos;, time: &apos;2018-11-14T08:25:48&apos;
System info: host: &apos;KERDASYPC&apos;, ip: &apos;192.168.1.88&apos;, os.name: &apos;Windows 10&apos;, os.arch: &apos;amd64&apos;, os.version: &apos;10.0&apos;, java.version: &apos;1.8.0_231&apos;
Driver info: driver.version: ChromeDriver
remote stacktrace: Backtrace:
	Ordinal0 [0x01327C93+1473683]
	Ordinal0 [0x012AADB1+961969]
	Ordinal0 [0x012342E3+475875]
	Ordinal0 [0x011CF365+62309]
	Ordinal0 [0x011CBC77+48247]
	Ordinal0 [0x011E9149+168265]
	Ordinal0 [0x011E8D1D+167197]
	Ordinal0 [0x011E742B+160811]
	Ordinal0 [0x011D0AE6+68326]
	Ordinal0 [0x011D1BF0+72688]
	Ordinal0 [0x011D1B89+72585]
	Ordinal0 [0x012C4B77+1067895]
	GetHandleVerifier [0x013C6875+506677]
	GetHandleVerifier [0x013C6610+506064]
	GetHandleVerifier [0x013CD1B8+533624]
	GetHandleVerifier [0x013C704A+508682]
	Ordinal0 [0x012BC266+1032806]
	Ordinal0 [0x012BC0DF+1032415]
	Ordinal0 [0x012C6A8B+1075851]
	Ordinal0 [0x012C6BF3+1076211]
	Ordinal0 [0x012C5BA5+1072037]
	BaseThreadInitThunk [0x75C20419+25]
	RtlGetAppContainerNamedObjectPath [0x7730662D+237]
	RtlGetAppContainerNamedObjectPath [0x773065FD+189]

	at sun.reflect.NativeConstructorAccessorImpl.newInstance0(Native Method)
	at sun.reflect.NativeConstructorAccessorImpl.newInstance(Unknown Source)
	at sun.reflect.DelegatingConstructorAccessorImpl.newInstance(Unknown Source)
	at java.lang.reflect.Constructor.newInstance(Unknown Source)
	at org.openqa.selenium.remote.W3CHandshakeResponse.lambda$errorHandler$0(W3CHandshakeResponse.java:62)
	at org.openqa.selenium.remote.HandshakeResponse.lambda$getResponseFunction$0(HandshakeResponse.java:30)
	at org.openqa.selenium.remote.ProtocolHandshake.lambda$createSession$0(ProtocolHandshake.java:126)
	at java.util.stream.ReferencePipeline$3$1.accept(Unknown Source)
	at java.util.Spliterators$ArraySpliterator.tryAdvance(Unknown Source)
	at java.util.stream.ReferencePipeline.forEachWithCancel(Unknown Source)
	at java.util.stream.AbstractPipeline.copyIntoWithCancel(Unknown Source)
	at java.util.stream.AbstractPipeline.copyInto(Unknown Source)
	at java.util.stream.AbstractPipeline.wrapAndCopyInto(Unknown Source)
	at java.util.stream.FindOps$FindOp.evaluateSequential(Unknown Source)
	at java.util.stream.AbstractPipeline.evaluate(Unknown Source)
	at java.util.stream.ReferencePipeline.findFirst(Unknown Source)
	at org.openqa.selenium.remote.ProtocolHandshake.createSession(ProtocolHandshake.java:128)
	at org.openqa.selenium.remote.ProtocolHandshake.createSession(ProtocolHandshake.java:74)
	at org.openqa.selenium.remote.HttpCommandExecutor.execute(HttpCommandExecutor.java:136)
	at org.openqa.selenium.remote.service.DriverCommandExecutor.execute(DriverCommandExecutor.java:83)
	at org.openqa.selenium.remote.RemoteWebDriver.execute(RemoteWebDriver.java:552)
	at org.openqa.selenium.remote.RemoteWebDriver.startSession(RemoteWebDriver.java:213)
	at org.openqa.selenium.remote.RemoteWebDriver.&lt;init&gt;(RemoteWebDriver.java:131)
	at org.openqa.selenium.chrome.ChromeDriver.&lt;init&gt;(ChromeDriver.java:181)
	at org.openqa.selenium.chrome.ChromeDriver.&lt;init&gt;(ChromeDriver.java:168)
	at org.openqa.selenium.chrome.ChromeDriver.&lt;init&gt;(ChromeDriver.java:123)
	at AutomationTest.WorkingElements.ElementIsPresentORnot.OpenBrowser(ElementIsPresentORnot.java:31)
	at sun.reflect.NativeMethodAccessorImpl.invoke0(Native Method)
	at sun.reflect.NativeMethodAccessorImpl.invoke(Unknown Source)
	at sun.reflect.DelegatingMethodAccessorImpl.invoke(Unknown Source)
	at java.lang.reflect.Method.invoke(Unknown Source)
	at org.testng.internal.MethodInvocationHelper.invokeMethod(MethodInvocationHelper.java:133)
	at org.testng.internal.MethodInvocationHelper.invokeMethodConsideringTimeout(MethodInvocationHelper.java:62)
	at org.testng.internal.ConfigInvoker.invokeConfigurationMethod(ConfigInvoker.java:340)
	at org.testng.internal.ConfigInvoker.invokeConfigurations(ConfigInvoker.java:294)
	at org.testng.TestRunner.invokeTestConfigurations(TestRunner.java:623)
	at org.testng.TestRunner.beforeRun(TestRunner.java:613)
	at org.testng.TestRunner.run(TestRunner.java:584)
	at org.testng.SuiteRunner.runTest(SuiteRunner.java:402)
	at org.testng.SuiteRunner.runSequentially(SuiteRunner.java:396)
	at org.testng.SuiteRunner.privateRun(SuiteRunner.java:355)
	at org.testng.SuiteRunner.run(SuiteRunner.java:304)
	at org.testng.SuiteRunnerWorker.runSuite(SuiteRunnerWorker.java:53)
	at org.testng.SuiteRunnerWorker.run(SuiteRunnerWorker.java:96)
	at org.testng.TestNG.runSuitesSequentially(TestNG.java:1180)
	at org.testng.TestNG.runSuitesLocally(TestNG.java:1102)
	at org.testng.TestNG.runSuites(TestNG.java:1032)
	at org.testng.TestNG.run(TestNG.java:1000)
	at org.testng.remote.AbstractRemoteTestNG.run(AbstractRemoteTestNG.java:115)
	at org.testng.remote.RemoteTestNG.initAndRun(RemoteTestNG.java:251)
	at org.testng.remote.RemoteTestNG.main(RemoteTestNG.java:77)
</pre></div></td>
<td>0</td>
<td>AutomationTest.WorkingElements.ElementIsPresentORnot@5e853265</td></tr>
<tr>
<td title='AutomationTest.WorkingElements.WorkingWithTakeScreenshot.ScreenShotTest()'><b>ScreenShotTest</b><br>Test class: AutomationTest.WorkingElements.WorkingWithTakeScreenshot</td>
<td><div><pre>org.openqa.selenium.SessionNotCreatedException: session not created: This version of ChromeDriver only supports Chrome version 76
Build info: version: &apos;3.141.59&apos;, revision: &apos;e82be7d358&apos;, time: &apos;2018-11-14T08:25:48&apos;
System info: host: &apos;KERDASYPC&apos;, ip: &apos;192.168.1.88&apos;, os.name: &apos;Windows 10&apos;, os.arch: &apos;amd64&apos;, os.version: &apos;10.0&apos;, java.version: &apos;1.8.0_231&apos;
Driver info: driver.version: ChromeDriver
remote stacktrace: Backtrace:
	Ordinal0 [0x01327C93+1473683]
	Ordinal0 [0x012AADB1+961969]
	Ordinal0 [0x012342E3+475875]
	Ordinal0 [0x011CF365+62309]
	Ordinal0 [0x011CBC77+48247]
	Ordinal0 [0x011E9149+168265]
	Ordinal0 [0x011E8D1D+167197]
	Ordinal0 [0x011E742B+160811]
	Ordinal0 [0x011D0AE6+68326]
	Ordinal0 [0x011D1BF0+72688]
	Ordinal0 [0x011D1B89+72585]
	Ordinal0 [0x012C4B77+1067895]
	GetHandleVerifier [0x013C6875+506677]
	GetHandleVerifier [0x013C6610+506064]
	GetHandleVerifier [0x013CD1B8+533624]
	GetHandleVerifier [0x013C704A+508682]
	Ordinal0 [0x012BC266+1032806]
	Ordinal0 [0x012BC0DF+1032415]
	Ordinal0 [0x012C6A8B+1075851]
	Ordinal0 [0x012C6BF3+1076211]
	Ordinal0 [0x012C5BA5+1072037]
	BaseThreadInitThunk [0x75C20419+25]
	RtlGetAppContainerNamedObjectPath [0x7730662D+237]
	RtlGetAppContainerNamedObjectPath [0x773065FD+189]

	at org.openqa.selenium.remote.W3CHandshakeResponse.lambda$errorHandler$0(W3CHandshakeResponse.java:62)
	at org.openqa.selenium.remote.HandshakeResponse.lambda$getResponseFunction$0(HandshakeResponse.java:30)
	at org.openqa.selenium.remote.ProtocolHandshake.lambda$createSession$0(ProtocolHandshake.java:126)
	at java.util.stream.ReferencePipeline$3$1.accept(Unknown Source)
	at java.util.Spliterators$ArraySpliterator.tryAdvance(Unknown Source)
	at java.util.stream.ReferencePipeline.forEachWithCancel(Unknown Source)
	at java.util.stream.AbstractPipeline.copyIntoWithCancel(Unknown Source)
	at java.util.stream.AbstractPipeline.copyInto(Unknown Source)
	at java.util.stream.AbstractPipeline.wrapAndCopyInto(Unknown Source)
	at java.util.stream.FindOps$FindOp.evaluateSequential(Unknown Source)
	at java.util.stream.AbstractPipeline.evaluate(Unknown Source)
	at java.util.stream.ReferencePipeline.findFirst(Unknown Source)
	at org.openqa.selenium.remote.ProtocolHandshake.createSession(ProtocolHandshake.java:128)
	at org.openqa.selenium.remote.ProtocolHandshake.createSession(ProtocolHandshake.java:74)
	at org.openqa.selenium.remote.HttpCommandExecutor.execute(HttpCommandExecutor.java:136)
	at org.openqa.selenium.remote.service.DriverCommandExecutor.execute(DriverCommandExecutor.java:83)
	at org.openqa.selenium.remote.RemoteWebDriver.execute(RemoteWebDriver.java:552)
	at org.openqa.selenium.remote.RemoteWebDriver.startSession(RemoteWebDriver.java:213)
	at org.openqa.selenium.remote.RemoteWebDriver.&lt;init&gt;(RemoteWebDriver.java:131)
	at org.openqa.selenium.chrome.ChromeDriver.&lt;init&gt;(ChromeDriver.java:181)
	at org.openqa.selenium.chrome.ChromeDriver.&lt;init&gt;(ChromeDriver.java:168)
	at org.openqa.selenium.chrome.ChromeDriver.&lt;init&gt;(ChromeDriver.java:123)
	at AutomationTest.WorkingElements.ElementIsPresentORnot.OpenBrowser(ElementIsPresentORnot.java:31)
... Removed 28 stack frames</pre></div><a href='#' onClick='toggleBox("stack-trace808228639", this, "Click to show all stack frames", "Click to hide stack frames")'>Click to show all stack frames</a>
<div class='stack-trace' id='stack-trace808228639'><pre>org.openqa.selenium.SessionNotCreatedException: session not created: This version of ChromeDriver only supports Chrome version 76
Build info: version: &apos;3.141.59&apos;, revision: &apos;e82be7d358&apos;, time: &apos;2018-11-14T08:25:48&apos;
System info: host: &apos;KERDASYPC&apos;, ip: &apos;192.168.1.88&apos;, os.name: &apos;Windows 10&apos;, os.arch: &apos;amd64&apos;, os.version: &apos;10.0&apos;, java.version: &apos;1.8.0_231&apos;
Driver info: driver.version: ChromeDriver
remote stacktrace: Backtrace:
	Ordinal0 [0x01327C93+1473683]
	Ordinal0 [0x012AADB1+961969]
	Ordinal0 [0x012342E3+475875]
	Ordinal0 [0x011CF365+62309]
	Ordinal0 [0x011CBC77+48247]
	Ordinal0 [0x011E9149+168265]
	Ordinal0 [0x011E8D1D+167197]
	Ordinal0 [0x011E742B+160811]
	Ordinal0 [0x011D0AE6+68326]
	Ordinal0 [0x011D1BF0+72688]
	Ordinal0 [0x011D1B89+72585]
	Ordinal0 [0x012C4B77+1067895]
	GetHandleVerifier [0x013C6875+506677]
	GetHandleVerifier [0x013C6610+506064]
	GetHandleVerifier [0x013CD1B8+533624]
	GetHandleVerifier [0x013C704A+508682]
	Ordinal0 [0x012BC266+1032806]
	Ordinal0 [0x012BC0DF+1032415]
	Ordinal0 [0x012C6A8B+1075851]
	Ordinal0 [0x012C6BF3+1076211]
	Ordinal0 [0x012C5BA5+1072037]
	BaseThreadInitThunk [0x75C20419+25]
	RtlGetAppContainerNamedObjectPath [0x7730662D+237]
	RtlGetAppContainerNamedObjectPath [0x773065FD+189]

	at sun.reflect.NativeConstructorAccessorImpl.newInstance0(Native Method)
	at sun.reflect.NativeConstructorAccessorImpl.newInstance(Unknown Source)
	at sun.reflect.DelegatingConstructorAccessorImpl.newInstance(Unknown Source)
	at java.lang.reflect.Constructor.newInstance(Unknown Source)
	at org.openqa.selenium.remote.W3CHandshakeResponse.lambda$errorHandler$0(W3CHandshakeResponse.java:62)
	at org.openqa.selenium.remote.HandshakeResponse.lambda$getResponseFunction$0(HandshakeResponse.java:30)
	at org.openqa.selenium.remote.ProtocolHandshake.lambda$createSession$0(ProtocolHandshake.java:126)
	at java.util.stream.ReferencePipeline$3$1.accept(Unknown Source)
	at java.util.Spliterators$ArraySpliterator.tryAdvance(Unknown Source)
	at java.util.stream.ReferencePipeline.forEachWithCancel(Unknown Source)
	at java.util.stream.AbstractPipeline.copyIntoWithCancel(Unknown Source)
	at java.util.stream.AbstractPipeline.copyInto(Unknown Source)
	at java.util.stream.AbstractPipeline.wrapAndCopyInto(Unknown Source)
	at java.util.stream.FindOps$FindOp.evaluateSequential(Unknown Source)
	at java.util.stream.AbstractPipeline.evaluate(Unknown Source)
	at java.util.stream.ReferencePipeline.findFirst(Unknown Source)
	at org.openqa.selenium.remote.ProtocolHandshake.createSession(ProtocolHandshake.java:128)
	at org.openqa.selenium.remote.ProtocolHandshake.createSession(ProtocolHandshake.java:74)
	at org.openqa.selenium.remote.HttpCommandExecutor.execute(HttpCommandExecutor.java:136)
	at org.openqa.selenium.remote.service.DriverCommandExecutor.execute(DriverCommandExecutor.java:83)
	at org.openqa.selenium.remote.RemoteWebDriver.execute(RemoteWebDriver.java:552)
	at org.openqa.selenium.remote.RemoteWebDriver.startSession(RemoteWebDriver.java:213)
	at org.openqa.selenium.remote.RemoteWebDriver.&lt;init&gt;(RemoteWebDriver.java:131)
	at org.openqa.selenium.chrome.ChromeDriver.&lt;init&gt;(ChromeDriver.java:181)
	at org.openqa.selenium.chrome.ChromeDriver.&lt;init&gt;(ChromeDriver.java:168)
	at org.openqa.selenium.chrome.ChromeDriver.&lt;init&gt;(ChromeDriver.java:123)
	at AutomationTest.WorkingElements.ElementIsPresentORnot.OpenBrowser(ElementIsPresentORnot.java:31)
	at sun.reflect.NativeMethodAccessorImpl.invoke0(Native Method)
	at sun.reflect.NativeMethodAccessorImpl.invoke(Unknown Source)
	at sun.reflect.DelegatingMethodAccessorImpl.invoke(Unknown Source)
	at java.lang.reflect.Method.invoke(Unknown Source)
	at org.testng.internal.MethodInvocationHelper.invokeMethod(MethodInvocationHelper.java:133)
	at org.testng.internal.MethodInvocationHelper.invokeMethodConsideringTimeout(MethodInvocationHelper.java:62)
	at org.testng.internal.ConfigInvoker.invokeConfigurationMethod(ConfigInvoker.java:340)
	at org.testng.internal.ConfigInvoker.invokeConfigurations(ConfigInvoker.java:294)
	at org.testng.TestRunner.invokeTestConfigurations(TestRunner.java:623)
	at org.testng.TestRunner.beforeRun(TestRunner.java:613)
	at org.testng.TestRunner.run(TestRunner.java:584)
	at org.testng.SuiteRunner.runTest(SuiteRunner.java:402)
	at org.testng.SuiteRunner.runSequentially(SuiteRunner.java:396)
	at org.testng.SuiteRunner.privateRun(SuiteRunner.java:355)
	at org.testng.SuiteRunner.run(SuiteRunner.java:304)
	at org.testng.SuiteRunnerWorker.runSuite(SuiteRunnerWorker.java:53)
	at org.testng.SuiteRunnerWorker.run(SuiteRunnerWorker.java:96)
	at org.testng.TestNG.runSuitesSequentially(TestNG.java:1180)
	at org.testng.TestNG.runSuitesLocally(TestNG.java:1102)
	at org.testng.TestNG.runSuites(TestNG.java:1032)
	at org.testng.TestNG.run(TestNG.java:1000)
	at org.testng.remote.AbstractRemoteTestNG.run(AbstractRemoteTestNG.java:115)
	at org.testng.remote.RemoteTestNG.initAndRun(RemoteTestNG.java:251)
	at org.testng.remote.RemoteTestNG.main(RemoteTestNG.java:77)
</pre></div></td>
<td>0</td>
<td>AutomationTest.WorkingElements.WorkingWithTakeScreenshot@5a8806ef</td></tr>
<tr>
<td title='AutomationTest.WorkingElements.WorkingWithHTML5video.TestHTML5Video()'><b>TestHTML5Video</b><br>Test class: AutomationTest.WorkingElements.WorkingWithHTML5video</td>
<td><div><pre>org.openqa.selenium.SessionNotCreatedException: session not created: This version of ChromeDriver only supports Chrome version 76
Build info: version: &apos;3.141.59&apos;, revision: &apos;e82be7d358&apos;, time: &apos;2018-11-14T08:25:48&apos;
System info: host: &apos;KERDASYPC&apos;, ip: &apos;192.168.1.88&apos;, os.name: &apos;Windows 10&apos;, os.arch: &apos;amd64&apos;, os.version: &apos;10.0&apos;, java.version: &apos;1.8.0_231&apos;
Driver info: driver.version: ChromeDriver
remote stacktrace: Backtrace:
	Ordinal0 [0x01327C93+1473683]
	Ordinal0 [0x012AADB1+961969]
	Ordinal0 [0x012342E3+475875]
	Ordinal0 [0x011CF365+62309]
	Ordinal0 [0x011CBC77+48247]
	Ordinal0 [0x011E9149+168265]
	Ordinal0 [0x011E8D1D+167197]
	Ordinal0 [0x011E742B+160811]
	Ordinal0 [0x011D0AE6+68326]
	Ordinal0 [0x011D1BF0+72688]
	Ordinal0 [0x011D1B89+72585]
	Ordinal0 [0x012C4B77+1067895]
	GetHandleVerifier [0x013C6875+506677]
	GetHandleVerifier [0x013C6610+506064]
	GetHandleVerifier [0x013CD1B8+533624]
	GetHandleVerifier [0x013C704A+508682]
	Ordinal0 [0x012BC266+1032806]
	Ordinal0 [0x012BC0DF+1032415]
	Ordinal0 [0x012C6A8B+1075851]
	Ordinal0 [0x012C6BF3+1076211]
	Ordinal0 [0x012C5BA5+1072037]
	BaseThreadInitThunk [0x75C20419+25]
	RtlGetAppContainerNamedObjectPath [0x7730662D+237]
	RtlGetAppContainerNamedObjectPath [0x773065FD+189]

	at org.openqa.selenium.remote.W3CHandshakeResponse.lambda$errorHandler$0(W3CHandshakeResponse.java:62)
	at org.openqa.selenium.remote.HandshakeResponse.lambda$getResponseFunction$0(HandshakeResponse.java:30)
	at org.openqa.selenium.remote.ProtocolHandshake.lambda$createSession$0(ProtocolHandshake.java:126)
	at java.util.stream.ReferencePipeline$3$1.accept(Unknown Source)
	at java.util.Spliterators$ArraySpliterator.tryAdvance(Unknown Source)
	at java.util.stream.ReferencePipeline.forEachWithCancel(Unknown Source)
	at java.util.stream.AbstractPipeline.copyIntoWithCancel(Unknown Source)
	at java.util.stream.AbstractPipeline.copyInto(Unknown Source)
	at java.util.stream.AbstractPipeline.wrapAndCopyInto(Unknown Source)
	at java.util.stream.FindOps$FindOp.evaluateSequential(Unknown Source)
	at java.util.stream.AbstractPipeline.evaluate(Unknown Source)
	at java.util.stream.ReferencePipeline.findFirst(Unknown Source)
	at org.openqa.selenium.remote.ProtocolHandshake.createSession(ProtocolHandshake.java:128)
	at org.openqa.selenium.remote.ProtocolHandshake.createSession(ProtocolHandshake.java:74)
	at org.openqa.selenium.remote.HttpCommandExecutor.execute(HttpCommandExecutor.java:136)
	at org.openqa.selenium.remote.service.DriverCommandExecutor.execute(DriverCommandExecutor.java:83)
	at org.openqa.selenium.remote.RemoteWebDriver.execute(RemoteWebDriver.java:552)
	at org.openqa.selenium.remote.RemoteWebDriver.startSession(RemoteWebDriver.java:213)
	at org.openqa.selenium.remote.RemoteWebDriver.&lt;init&gt;(RemoteWebDriver.java:131)
	at org.openqa.selenium.chrome.ChromeDriver.&lt;init&gt;(ChromeDriver.java:181)
	at org.openqa.selenium.chrome.ChromeDriver.&lt;init&gt;(ChromeDriver.java:168)
	at org.openqa.selenium.chrome.ChromeDriver.&lt;init&gt;(ChromeDriver.java:123)
	at AutomationTest.WorkingElements.ElementIsPresentORnot.OpenBrowser(ElementIsPresentORnot.java:31)
... Removed 28 stack frames</pre></div><a href='#' onClick='toggleBox("stack-trace1363560175", this, "Click to show all stack frames", "Click to hide stack frames")'>Click to show all stack frames</a>
<div class='stack-trace' id='stack-trace1363560175'><pre>org.openqa.selenium.SessionNotCreatedException: session not created: This version of ChromeDriver only supports Chrome version 76
Build info: version: &apos;3.141.59&apos;, revision: &apos;e82be7d358&apos;, time: &apos;2018-11-14T08:25:48&apos;
System info: host: &apos;KERDASYPC&apos;, ip: &apos;192.168.1.88&apos;, os.name: &apos;Windows 10&apos;, os.arch: &apos;amd64&apos;, os.version: &apos;10.0&apos;, java.version: &apos;1.8.0_231&apos;
Driver info: driver.version: ChromeDriver
remote stacktrace: Backtrace:
	Ordinal0 [0x01327C93+1473683]
	Ordinal0 [0x012AADB1+961969]
	Ordinal0 [0x012342E3+475875]
	Ordinal0 [0x011CF365+62309]
	Ordinal0 [0x011CBC77+48247]
	Ordinal0 [0x011E9149+168265]
	Ordinal0 [0x011E8D1D+167197]
	Ordinal0 [0x011E742B+160811]
	Ordinal0 [0x011D0AE6+68326]
	Ordinal0 [0x011D1BF0+72688]
	Ordinal0 [0x011D1B89+72585]
	Ordinal0 [0x012C4B77+1067895]
	GetHandleVerifier [0x013C6875+506677]
	GetHandleVerifier [0x013C6610+506064]
	GetHandleVerifier [0x013CD1B8+533624]
	GetHandleVerifier [0x013C704A+508682]
	Ordinal0 [0x012BC266+1032806]
	Ordinal0 [0x012BC0DF+1032415]
	Ordinal0 [0x012C6A8B+1075851]
	Ordinal0 [0x012C6BF3+1076211]
	Ordinal0 [0x012C5BA5+1072037]
	BaseThreadInitThunk [0x75C20419+25]
	RtlGetAppContainerNamedObjectPath [0x7730662D+237]
	RtlGetAppContainerNamedObjectPath [0x773065FD+189]

	at sun.reflect.NativeConstructorAccessorImpl.newInstance0(Native Method)
	at sun.reflect.NativeConstructorAccessorImpl.newInstance(Unknown Source)
	at sun.reflect.DelegatingConstructorAccessorImpl.newInstance(Unknown Source)
	at java.lang.reflect.Constructor.newInstance(Unknown Source)
	at org.openqa.selenium.remote.W3CHandshakeResponse.lambda$errorHandler$0(W3CHandshakeResponse.java:62)
	at org.openqa.selenium.remote.HandshakeResponse.lambda$getResponseFunction$0(HandshakeResponse.java:30)
	at org.openqa.selenium.remote.ProtocolHandshake.lambda$createSession$0(ProtocolHandshake.java:126)
	at java.util.stream.ReferencePipeline$3$1.accept(Unknown Source)
	at java.util.Spliterators$ArraySpliterator.tryAdvance(Unknown Source)
	at java.util.stream.ReferencePipeline.forEachWithCancel(Unknown Source)
	at java.util.stream.AbstractPipeline.copyIntoWithCancel(Unknown Source)
	at java.util.stream.AbstractPipeline.copyInto(Unknown Source)
	at java.util.stream.AbstractPipeline.wrapAndCopyInto(Unknown Source)
	at java.util.stream.FindOps$FindOp.evaluateSequential(Unknown Source)
	at java.util.stream.AbstractPipeline.evaluate(Unknown Source)
	at java.util.stream.ReferencePipeline.findFirst(Unknown Source)
	at org.openqa.selenium.remote.ProtocolHandshake.createSession(ProtocolHandshake.java:128)
	at org.openqa.selenium.remote.ProtocolHandshake.createSession(ProtocolHandshake.java:74)
	at org.openqa.selenium.remote.HttpCommandExecutor.execute(HttpCommandExecutor.java:136)
	at org.openqa.selenium.remote.service.DriverCommandExecutor.execute(DriverCommandExecutor.java:83)
	at org.openqa.selenium.remote.RemoteWebDriver.execute(RemoteWebDriver.java:552)
	at org.openqa.selenium.remote.RemoteWebDriver.startSession(RemoteWebDriver.java:213)
	at org.openqa.selenium.remote.RemoteWebDriver.&lt;init&gt;(RemoteWebDriver.java:131)
	at org.openqa.selenium.chrome.ChromeDriver.&lt;init&gt;(ChromeDriver.java:181)
	at org.openqa.selenium.chrome.ChromeDriver.&lt;init&gt;(ChromeDriver.java:168)
	at org.openqa.selenium.chrome.ChromeDriver.&lt;init&gt;(ChromeDriver.java:123)
	at AutomationTest.WorkingElements.ElementIsPresentORnot.OpenBrowser(ElementIsPresentORnot.java:31)
	at sun.reflect.NativeMethodAccessorImpl.invoke0(Native Method)
	at sun.reflect.NativeMethodAccessorImpl.invoke(Unknown Source)
	at sun.reflect.DelegatingMethodAccessorImpl.invoke(Unknown Source)
	at java.lang.reflect.Method.invoke(Unknown Source)
	at org.testng.internal.MethodInvocationHelper.invokeMethod(MethodInvocationHelper.java:133)
	at org.testng.internal.MethodInvocationHelper.invokeMethodConsideringTimeout(MethodInvocationHelper.java:62)
	at org.testng.internal.ConfigInvoker.invokeConfigurationMethod(ConfigInvoker.java:340)
	at org.testng.internal.ConfigInvoker.invokeConfigurations(ConfigInvoker.java:294)
	at org.testng.TestRunner.invokeTestConfigurations(TestRunner.java:623)
	at org.testng.TestRunner.beforeRun(TestRunner.java:613)
	at org.testng.TestRunner.run(TestRunner.java:584)
	at org.testng.SuiteRunner.runTest(SuiteRunner.java:402)
	at org.testng.SuiteRunner.runSequentially(SuiteRunner.java:396)
	at org.testng.SuiteRunner.privateRun(SuiteRunner.java:355)
	at org.testng.SuiteRunner.run(SuiteRunner.java:304)
	at org.testng.SuiteRunnerWorker.runSuite(SuiteRunnerWorker.java:53)
	at org.testng.SuiteRunnerWorker.run(SuiteRunnerWorker.java:96)
	at org.testng.TestNG.runSuitesSequentially(TestNG.java:1180)
	at org.testng.TestNG.runSuitesLocally(TestNG.java:1102)
	at org.testng.TestNG.runSuites(TestNG.java:1032)
	at org.testng.TestNG.run(TestNG.java:1000)
	at org.testng.remote.AbstractRemoteTestNG.run(AbstractRemoteTestNG.java:115)
	at org.testng.remote.RemoteTestNG.initAndRun(RemoteTestNG.java:251)
	at org.testng.remote.RemoteTestNG.main(RemoteTestNG.java:77)
</pre></div></td>
<td>0</td>
<td>AutomationTest.WorkingElements.WorkingWithHTML5video@9660f4e</td></tr>
<tr>
<td title='AutomationTest.WorkingElements.WorkingWithCheckBoxes.WorkingCheckBoxes()'><b>WorkingCheckBoxes</b><br>Test class: AutomationTest.WorkingElements.WorkingWithCheckBoxes</td>
<td><div><pre>org.openqa.selenium.SessionNotCreatedException: session not created: This version of ChromeDriver only supports Chrome version 76
Build info: version: &apos;3.141.59&apos;, revision: &apos;e82be7d358&apos;, time: &apos;2018-11-14T08:25:48&apos;
System info: host: &apos;KERDASYPC&apos;, ip: &apos;192.168.1.88&apos;, os.name: &apos;Windows 10&apos;, os.arch: &apos;amd64&apos;, os.version: &apos;10.0&apos;, java.version: &apos;1.8.0_231&apos;
Driver info: driver.version: ChromeDriver
remote stacktrace: Backtrace:
	Ordinal0 [0x01327C93+1473683]
	Ordinal0 [0x012AADB1+961969]
	Ordinal0 [0x012342E3+475875]
	Ordinal0 [0x011CF365+62309]
	Ordinal0 [0x011CBC77+48247]
	Ordinal0 [0x011E9149+168265]
	Ordinal0 [0x011E8D1D+167197]
	Ordinal0 [0x011E742B+160811]
	Ordinal0 [0x011D0AE6+68326]
	Ordinal0 [0x011D1BF0+72688]
	Ordinal0 [0x011D1B89+72585]
	Ordinal0 [0x012C4B77+1067895]
	GetHandleVerifier [0x013C6875+506677]
	GetHandleVerifier [0x013C6610+506064]
	GetHandleVerifier [0x013CD1B8+533624]
	GetHandleVerifier [0x013C704A+508682]
	Ordinal0 [0x012BC266+1032806]
	Ordinal0 [0x012BC0DF+1032415]
	Ordinal0 [0x012C6A8B+1075851]
	Ordinal0 [0x012C6BF3+1076211]
	Ordinal0 [0x012C5BA5+1072037]
	BaseThreadInitThunk [0x75C20419+25]
	RtlGetAppContainerNamedObjectPath [0x7730662D+237]
	RtlGetAppContainerNamedObjectPath [0x773065FD+189]

	at org.openqa.selenium.remote.W3CHandshakeResponse.lambda$errorHandler$0(W3CHandshakeResponse.java:62)
	at org.openqa.selenium.remote.HandshakeResponse.lambda$getResponseFunction$0(HandshakeResponse.java:30)
	at org.openqa.selenium.remote.ProtocolHandshake.lambda$createSession$0(ProtocolHandshake.java:126)
	at java.util.stream.ReferencePipeline$3$1.accept(Unknown Source)
	at java.util.Spliterators$ArraySpliterator.tryAdvance(Unknown Source)
	at java.util.stream.ReferencePipeline.forEachWithCancel(Unknown Source)
	at java.util.stream.AbstractPipeline.copyIntoWithCancel(Unknown Source)
	at java.util.stream.AbstractPipeline.copyInto(Unknown Source)
	at java.util.stream.AbstractPipeline.wrapAndCopyInto(Unknown Source)
	at java.util.stream.FindOps$FindOp.evaluateSequential(Unknown Source)
	at java.util.stream.AbstractPipeline.evaluate(Unknown Source)
	at java.util.stream.ReferencePipeline.findFirst(Unknown Source)
	at org.openqa.selenium.remote.ProtocolHandshake.createSession(ProtocolHandshake.java:128)
	at org.openqa.selenium.remote.ProtocolHandshake.createSession(ProtocolHandshake.java:74)
	at org.openqa.selenium.remote.HttpCommandExecutor.execute(HttpCommandExecutor.java:136)
	at org.openqa.selenium.remote.service.DriverCommandExecutor.execute(DriverCommandExecutor.java:83)
	at org.openqa.selenium.remote.RemoteWebDriver.execute(RemoteWebDriver.java:552)
	at org.openqa.selenium.remote.RemoteWebDriver.startSession(RemoteWebDriver.java:213)
	at org.openqa.selenium.remote.RemoteWebDriver.&lt;init&gt;(RemoteWebDriver.java:131)
	at org.openqa.selenium.chrome.ChromeDriver.&lt;init&gt;(ChromeDriver.java:181)
	at org.openqa.selenium.chrome.ChromeDriver.&lt;init&gt;(ChromeDriver.java:168)
	at org.openqa.selenium.chrome.ChromeDriver.&lt;init&gt;(ChromeDriver.java:123)
	at AutomationTest.WorkingElements.ElementIsPresentORnot.OpenBrowser(ElementIsPresentORnot.java:31)
... Removed 28 stack frames</pre></div><a href='#' onClick='toggleBox("stack-trace1138697171", this, "Click to show all stack frames", "Click to hide stack frames")'>Click to show all stack frames</a>
<div class='stack-trace' id='stack-trace1138697171'><pre>org.openqa.selenium.SessionNotCreatedException: session not created: This version of ChromeDriver only supports Chrome version 76
Build info: version: &apos;3.141.59&apos;, revision: &apos;e82be7d358&apos;, time: &apos;2018-11-14T08:25:48&apos;
System info: host: &apos;KERDASYPC&apos;, ip: &apos;192.168.1.88&apos;, os.name: &apos;Windows 10&apos;, os.arch: &apos;amd64&apos;, os.version: &apos;10.0&apos;, java.version: &apos;1.8.0_231&apos;
Driver info: driver.version: ChromeDriver
remote stacktrace: Backtrace:
	Ordinal0 [0x01327C93+1473683]
	Ordinal0 [0x012AADB1+961969]
	Ordinal0 [0x012342E3+475875]
	Ordinal0 [0x011CF365+62309]
	Ordinal0 [0x011CBC77+48247]
	Ordinal0 [0x011E9149+168265]
	Ordinal0 [0x011E8D1D+167197]
	Ordinal0 [0x011E742B+160811]
	Ordinal0 [0x011D0AE6+68326]
	Ordinal0 [0x011D1BF0+72688]
	Ordinal0 [0x011D1B89+72585]
	Ordinal0 [0x012C4B77+1067895]
	GetHandleVerifier [0x013C6875+506677]
	GetHandleVerifier [0x013C6610+506064]
	GetHandleVerifier [0x013CD1B8+533624]
	GetHandleVerifier [0x013C704A+508682]
	Ordinal0 [0x012BC266+1032806]
	Ordinal0 [0x012BC0DF+1032415]
	Ordinal0 [0x012C6A8B+1075851]
	Ordinal0 [0x012C6BF3+1076211]
	Ordinal0 [0x012C5BA5+1072037]
	BaseThreadInitThunk [0x75C20419+25]
	RtlGetAppContainerNamedObjectPath [0x7730662D+237]
	RtlGetAppContainerNamedObjectPath [0x773065FD+189]

	at sun.reflect.NativeConstructorAccessorImpl.newInstance0(Native Method)
	at sun.reflect.NativeConstructorAccessorImpl.newInstance(Unknown Source)
	at sun.reflect.DelegatingConstructorAccessorImpl.newInstance(Unknown Source)
	at java.lang.reflect.Constructor.newInstance(Unknown Source)
	at org.openqa.selenium.remote.W3CHandshakeResponse.lambda$errorHandler$0(W3CHandshakeResponse.java:62)
	at org.openqa.selenium.remote.HandshakeResponse.lambda$getResponseFunction$0(HandshakeResponse.java:30)
	at org.openqa.selenium.remote.ProtocolHandshake.lambda$createSession$0(ProtocolHandshake.java:126)
	at java.util.stream.ReferencePipeline$3$1.accept(Unknown Source)
	at java.util.Spliterators$ArraySpliterator.tryAdvance(Unknown Source)
	at java.util.stream.ReferencePipeline.forEachWithCancel(Unknown Source)
	at java.util.stream.AbstractPipeline.copyIntoWithCancel(Unknown Source)
	at java.util.stream.AbstractPipeline.copyInto(Unknown Source)
	at java.util.stream.AbstractPipeline.wrapAndCopyInto(Unknown Source)
	at java.util.stream.FindOps$FindOp.evaluateSequential(Unknown Source)
	at java.util.stream.AbstractPipeline.evaluate(Unknown Source)
	at java.util.stream.ReferencePipeline.findFirst(Unknown Source)
	at org.openqa.selenium.remote.ProtocolHandshake.createSession(ProtocolHandshake.java:128)
	at org.openqa.selenium.remote.ProtocolHandshake.createSession(ProtocolHandshake.java:74)
	at org.openqa.selenium.remote.HttpCommandExecutor.execute(HttpCommandExecutor.java:136)
	at org.openqa.selenium.remote.service.DriverCommandExecutor.execute(DriverCommandExecutor.java:83)
	at org.openqa.selenium.remote.RemoteWebDriver.execute(RemoteWebDriver.java:552)
	at org.openqa.selenium.remote.RemoteWebDriver.startSession(RemoteWebDriver.java:213)
	at org.openqa.selenium.remote.RemoteWebDriver.&lt;init&gt;(RemoteWebDriver.java:131)
	at org.openqa.selenium.chrome.ChromeDriver.&lt;init&gt;(ChromeDriver.java:181)
	at org.openqa.selenium.chrome.ChromeDriver.&lt;init&gt;(ChromeDriver.java:168)
	at org.openqa.selenium.chrome.ChromeDriver.&lt;init&gt;(ChromeDriver.java:123)
	at AutomationTest.WorkingElements.ElementIsPresentORnot.OpenBrowser(ElementIsPresentORnot.java:31)
	at sun.reflect.NativeMethodAccessorImpl.invoke0(Native Method)
	at sun.reflect.NativeMethodAccessorImpl.invoke(Unknown Source)
	at sun.reflect.DelegatingMethodAccessorImpl.invoke(Unknown Source)
	at java.lang.reflect.Method.invoke(Unknown Source)
	at org.testng.internal.MethodInvocationHelper.invokeMethod(MethodInvocationHelper.java:133)
	at org.testng.internal.MethodInvocationHelper.invokeMethodConsideringTimeout(MethodInvocationHelper.java:62)
	at org.testng.internal.ConfigInvoker.invokeConfigurationMethod(ConfigInvoker.java:340)
	at org.testng.internal.ConfigInvoker.invokeConfigurations(ConfigInvoker.java:294)
	at org.testng.TestRunner.invokeTestConfigurations(TestRunner.java:623)
	at org.testng.TestRunner.beforeRun(TestRunner.java:613)
	at org.testng.TestRunner.run(TestRunner.java:584)
	at org.testng.SuiteRunner.runTest(SuiteRunner.java:402)
	at org.testng.SuiteRunner.runSequentially(SuiteRunner.java:396)
	at org.testng.SuiteRunner.privateRun(SuiteRunner.java:355)
	at org.testng.SuiteRunner.run(SuiteRunner.java:304)
	at org.testng.SuiteRunnerWorker.runSuite(SuiteRunnerWorker.java:53)
	at org.testng.SuiteRunnerWorker.run(SuiteRunnerWorker.java:96)
	at org.testng.TestNG.runSuitesSequentially(TestNG.java:1180)
	at org.testng.TestNG.runSuitesLocally(TestNG.java:1102)
	at org.testng.TestNG.runSuites(TestNG.java:1032)
	at org.testng.TestNG.run(TestNG.java:1000)
	at org.testng.remote.AbstractRemoteTestNG.run(AbstractRemoteTestNG.java:115)
	at org.testng.remote.RemoteTestNG.initAndRun(RemoteTestNG.java:251)
	at org.testng.remote.RemoteTestNG.main(RemoteTestNG.java:77)
</pre></div></td>
<td>0</td>
<td>AutomationTest.WorkingElements.WorkingWithCheckBoxes@7494e528</td></tr>
<tr>
<td title='AutomationTest.WorkingElements.WorkingWithTables.WorkingDropDown()'><b>WorkingDropDown</b><br>Test class: AutomationTest.WorkingElements.WorkingWithTables</td>
<td><div><pre>org.openqa.selenium.SessionNotCreatedException: session not created: This version of ChromeDriver only supports Chrome version 76
Build info: version: &apos;3.141.59&apos;, revision: &apos;e82be7d358&apos;, time: &apos;2018-11-14T08:25:48&apos;
System info: host: &apos;KERDASYPC&apos;, ip: &apos;192.168.1.88&apos;, os.name: &apos;Windows 10&apos;, os.arch: &apos;amd64&apos;, os.version: &apos;10.0&apos;, java.version: &apos;1.8.0_231&apos;
Driver info: driver.version: ChromeDriver
remote stacktrace: Backtrace:
	Ordinal0 [0x01327C93+1473683]
	Ordinal0 [0x012AADB1+961969]
	Ordinal0 [0x012342E3+475875]
	Ordinal0 [0x011CF365+62309]
	Ordinal0 [0x011CBC77+48247]
	Ordinal0 [0x011E9149+168265]
	Ordinal0 [0x011E8D1D+167197]
	Ordinal0 [0x011E742B+160811]
	Ordinal0 [0x011D0AE6+68326]
	Ordinal0 [0x011D1BF0+72688]
	Ordinal0 [0x011D1B89+72585]
	Ordinal0 [0x012C4B77+1067895]
	GetHandleVerifier [0x013C6875+506677]
	GetHandleVerifier [0x013C6610+506064]
	GetHandleVerifier [0x013CD1B8+533624]
	GetHandleVerifier [0x013C704A+508682]
	Ordinal0 [0x012BC266+1032806]
	Ordinal0 [0x012BC0DF+1032415]
	Ordinal0 [0x012C6A8B+1075851]
	Ordinal0 [0x012C6BF3+1076211]
	Ordinal0 [0x012C5BA5+1072037]
	BaseThreadInitThunk [0x75C20419+25]
	RtlGetAppContainerNamedObjectPath [0x7730662D+237]
	RtlGetAppContainerNamedObjectPath [0x773065FD+189]

	at org.openqa.selenium.remote.W3CHandshakeResponse.lambda$errorHandler$0(W3CHandshakeResponse.java:62)
	at org.openqa.selenium.remote.HandshakeResponse.lambda$getResponseFunction$0(HandshakeResponse.java:30)
	at org.openqa.selenium.remote.ProtocolHandshake.lambda$createSession$0(ProtocolHandshake.java:126)
	at java.util.stream.ReferencePipeline$3$1.accept(Unknown Source)
	at java.util.Spliterators$ArraySpliterator.tryAdvance(Unknown Source)
	at java.util.stream.ReferencePipeline.forEachWithCancel(Unknown Source)
	at java.util.stream.AbstractPipeline.copyIntoWithCancel(Unknown Source)
	at java.util.stream.AbstractPipeline.copyInto(Unknown Source)
	at java.util.stream.AbstractPipeline.wrapAndCopyInto(Unknown Source)
	at java.util.stream.FindOps$FindOp.evaluateSequential(Unknown Source)
	at java.util.stream.AbstractPipeline.evaluate(Unknown Source)
	at java.util.stream.ReferencePipeline.findFirst(Unknown Source)
	at org.openqa.selenium.remote.ProtocolHandshake.createSession(ProtocolHandshake.java:128)
	at org.openqa.selenium.remote.ProtocolHandshake.createSession(ProtocolHandshake.java:74)
	at org.openqa.selenium.remote.HttpCommandExecutor.execute(HttpCommandExecutor.java:136)
	at org.openqa.selenium.remote.service.DriverCommandExecutor.execute(DriverCommandExecutor.java:83)
	at org.openqa.selenium.remote.RemoteWebDriver.execute(RemoteWebDriver.java:552)
	at org.openqa.selenium.remote.RemoteWebDriver.startSession(RemoteWebDriver.java:213)
	at org.openqa.selenium.remote.RemoteWebDriver.&lt;init&gt;(RemoteWebDriver.java:131)
	at org.openqa.selenium.chrome.ChromeDriver.&lt;init&gt;(ChromeDriver.java:181)
	at org.openqa.selenium.chrome.ChromeDriver.&lt;init&gt;(ChromeDriver.java:168)
	at org.openqa.selenium.chrome.ChromeDriver.&lt;init&gt;(ChromeDriver.java:123)
	at AutomationTest.WorkingElements.ElementIsPresentORnot.OpenBrowser(ElementIsPresentORnot.java:31)
... Removed 28 stack frames</pre></div><a href='#' onClick='toggleBox("stack-trace1810458830", this, "Click to show all stack frames", "Click to hide stack frames")'>Click to show all stack frames</a>
<div class='stack-trace' id='stack-trace1810458830'><pre>org.openqa.selenium.SessionNotCreatedException: session not created: This version of ChromeDriver only supports Chrome version 76
Build info: version: &apos;3.141.59&apos;, revision: &apos;e82be7d358&apos;, time: &apos;2018-11-14T08:25:48&apos;
System info: host: &apos;KERDASYPC&apos;, ip: &apos;192.168.1.88&apos;, os.name: &apos;Windows 10&apos;, os.arch: &apos;amd64&apos;, os.version: &apos;10.0&apos;, java.version: &apos;1.8.0_231&apos;
Driver info: driver.version: ChromeDriver
remote stacktrace: Backtrace:
	Ordinal0 [0x01327C93+1473683]
	Ordinal0 [0x012AADB1+961969]
	Ordinal0 [0x012342E3+475875]
	Ordinal0 [0x011CF365+62309]
	Ordinal0 [0x011CBC77+48247]
	Ordinal0 [0x011E9149+168265]
	Ordinal0 [0x011E8D1D+167197]
	Ordinal0 [0x011E742B+160811]
	Ordinal0 [0x011D0AE6+68326]
	Ordinal0 [0x011D1BF0+72688]
	Ordinal0 [0x011D1B89+72585]
	Ordinal0 [0x012C4B77+1067895]
	GetHandleVerifier [0x013C6875+506677]
	GetHandleVerifier [0x013C6610+506064]
	GetHandleVerifier [0x013CD1B8+533624]
	GetHandleVerifier [0x013C704A+508682]
	Ordinal0 [0x012BC266+1032806]
	Ordinal0 [0x012BC0DF+1032415]
	Ordinal0 [0x012C6A8B+1075851]
	Ordinal0 [0x012C6BF3+1076211]
	Ordinal0 [0x012C5BA5+1072037]
	BaseThreadInitThunk [0x75C20419+25]
	RtlGetAppContainerNamedObjectPath [0x7730662D+237]
	RtlGetAppContainerNamedObjectPath [0x773065FD+189]

	at sun.reflect.NativeConstructorAccessorImpl.newInstance0(Native Method)
	at sun.reflect.NativeConstructorAccessorImpl.newInstance(Unknown Source)
	at sun.reflect.DelegatingConstructorAccessorImpl.newInstance(Unknown Source)
	at java.lang.reflect.Constructor.newInstance(Unknown Source)
	at org.openqa.selenium.remote.W3CHandshakeResponse.lambda$errorHandler$0(W3CHandshakeResponse.java:62)
	at org.openqa.selenium.remote.HandshakeResponse.lambda$getResponseFunction$0(HandshakeResponse.java:30)
	at org.openqa.selenium.remote.ProtocolHandshake.lambda$createSession$0(ProtocolHandshake.java:126)
	at java.util.stream.ReferencePipeline$3$1.accept(Unknown Source)
	at java.util.Spliterators$ArraySpliterator.tryAdvance(Unknown Source)
	at java.util.stream.ReferencePipeline.forEachWithCancel(Unknown Source)
	at java.util.stream.AbstractPipeline.copyIntoWithCancel(Unknown Source)
	at java.util.stream.AbstractPipeline.copyInto(Unknown Source)
	at java.util.stream.AbstractPipeline.wrapAndCopyInto(Unknown Source)
	at java.util.stream.FindOps$FindOp.evaluateSequential(Unknown Source)
	at java.util.stream.AbstractPipeline.evaluate(Unknown Source)
	at java.util.stream.ReferencePipeline.findFirst(Unknown Source)
	at org.openqa.selenium.remote.ProtocolHandshake.createSession(ProtocolHandshake.java:128)
	at org.openqa.selenium.remote.ProtocolHandshake.createSession(ProtocolHandshake.java:74)
	at org.openqa.selenium.remote.HttpCommandExecutor.execute(HttpCommandExecutor.java:136)
	at org.openqa.selenium.remote.service.DriverCommandExecutor.execute(DriverCommandExecutor.java:83)
	at org.openqa.selenium.remote.RemoteWebDriver.execute(RemoteWebDriver.java:552)
	at org.openqa.selenium.remote.RemoteWebDriver.startSession(RemoteWebDriver.java:213)
	at org.openqa.selenium.remote.RemoteWebDriver.&lt;init&gt;(RemoteWebDriver.java:131)
	at org.openqa.selenium.chrome.ChromeDriver.&lt;init&gt;(ChromeDriver.java:181)
	at org.openqa.selenium.chrome.ChromeDriver.&lt;init&gt;(ChromeDriver.java:168)
	at org.openqa.selenium.chrome.ChromeDriver.&lt;init&gt;(ChromeDriver.java:123)
	at AutomationTest.WorkingElements.ElementIsPresentORnot.OpenBrowser(ElementIsPresentORnot.java:31)
	at sun.reflect.NativeMethodAccessorImpl.invoke0(Native Method)
	at sun.reflect.NativeMethodAccessorImpl.invoke(Unknown Source)
	at sun.reflect.DelegatingMethodAccessorImpl.invoke(Unknown Source)
	at java.lang.reflect.Method.invoke(Unknown Source)
	at org.testng.internal.MethodInvocationHelper.invokeMethod(MethodInvocationHelper.java:133)
	at org.testng.internal.MethodInvocationHelper.invokeMethodConsideringTimeout(MethodInvocationHelper.java:62)
	at org.testng.internal.ConfigInvoker.invokeConfigurationMethod(ConfigInvoker.java:340)
	at org.testng.internal.ConfigInvoker.invokeConfigurations(ConfigInvoker.java:294)
	at org.testng.TestRunner.invokeTestConfigurations(TestRunner.java:623)
	at org.testng.TestRunner.beforeRun(TestRunner.java:613)
	at org.testng.TestRunner.run(TestRunner.java:584)
	at org.testng.SuiteRunner.runTest(SuiteRunner.java:402)
	at org.testng.SuiteRunner.runSequentially(SuiteRunner.java:396)
	at org.testng.SuiteRunner.privateRun(SuiteRunner.java:355)
	at org.testng.SuiteRunner.run(SuiteRunner.java:304)
	at org.testng.SuiteRunnerWorker.runSuite(SuiteRunnerWorker.java:53)
	at org.testng.SuiteRunnerWorker.run(SuiteRunnerWorker.java:96)
	at org.testng.TestNG.runSuitesSequentially(TestNG.java:1180)
	at org.testng.TestNG.runSuitesLocally(TestNG.java:1102)
	at org.testng.TestNG.runSuites(TestNG.java:1032)
	at org.testng.TestNG.run(TestNG.java:1000)
	at org.testng.remote.AbstractRemoteTestNG.run(AbstractRemoteTestNG.java:115)
	at org.testng.remote.RemoteTestNG.initAndRun(RemoteTestNG.java:251)
	at org.testng.remote.RemoteTestNG.main(RemoteTestNG.java:77)
</pre></div></td>
<td>0</td>
<td>AutomationTest.WorkingElements.WorkingWithTables@68bbe345</td></tr>
<tr>
<td title='AutomationTest.WorkingElements.WorkingWithDropDownList.WorkingDropDown()'><b>WorkingDropDown</b><br>Test class: AutomationTest.WorkingElements.WorkingWithDropDownList</td>
<td><div><pre>org.openqa.selenium.SessionNotCreatedException: session not created: This version of ChromeDriver only supports Chrome version 76
Build info: version: &apos;3.141.59&apos;, revision: &apos;e82be7d358&apos;, time: &apos;2018-11-14T08:25:48&apos;
System info: host: &apos;KERDASYPC&apos;, ip: &apos;192.168.1.88&apos;, os.name: &apos;Windows 10&apos;, os.arch: &apos;amd64&apos;, os.version: &apos;10.0&apos;, java.version: &apos;1.8.0_231&apos;
Driver info: driver.version: ChromeDriver
remote stacktrace: Backtrace:
	Ordinal0 [0x01327C93+1473683]
	Ordinal0 [0x012AADB1+961969]
	Ordinal0 [0x012342E3+475875]
	Ordinal0 [0x011CF365+62309]
	Ordinal0 [0x011CBC77+48247]
	Ordinal0 [0x011E9149+168265]
	Ordinal0 [0x011E8D1D+167197]
	Ordinal0 [0x011E742B+160811]
	Ordinal0 [0x011D0AE6+68326]
	Ordinal0 [0x011D1BF0+72688]
	Ordinal0 [0x011D1B89+72585]
	Ordinal0 [0x012C4B77+1067895]
	GetHandleVerifier [0x013C6875+506677]
	GetHandleVerifier [0x013C6610+506064]
	GetHandleVerifier [0x013CD1B8+533624]
	GetHandleVerifier [0x013C704A+508682]
	Ordinal0 [0x012BC266+1032806]
	Ordinal0 [0x012BC0DF+1032415]
	Ordinal0 [0x012C6A8B+1075851]
	Ordinal0 [0x012C6BF3+1076211]
	Ordinal0 [0x012C5BA5+1072037]
	BaseThreadInitThunk [0x75C20419+25]
	RtlGetAppContainerNamedObjectPath [0x7730662D+237]
	RtlGetAppContainerNamedObjectPath [0x773065FD+189]

	at org.openqa.selenium.remote.W3CHandshakeResponse.lambda$errorHandler$0(W3CHandshakeResponse.java:62)
	at org.openqa.selenium.remote.HandshakeResponse.lambda$getResponseFunction$0(HandshakeResponse.java:30)
	at org.openqa.selenium.remote.ProtocolHandshake.lambda$createSession$0(ProtocolHandshake.java:126)
	at java.util.stream.ReferencePipeline$3$1.accept(Unknown Source)
	at java.util.Spliterators$ArraySpliterator.tryAdvance(Unknown Source)
	at java.util.stream.ReferencePipeline.forEachWithCancel(Unknown Source)
	at java.util.stream.AbstractPipeline.copyIntoWithCancel(Unknown Source)
	at java.util.stream.AbstractPipeline.copyInto(Unknown Source)
	at java.util.stream.AbstractPipeline.wrapAndCopyInto(Unknown Source)
	at java.util.stream.FindOps$FindOp.evaluateSequential(Unknown Source)
	at java.util.stream.AbstractPipeline.evaluate(Unknown Source)
	at java.util.stream.ReferencePipeline.findFirst(Unknown Source)
	at org.openqa.selenium.remote.ProtocolHandshake.createSession(ProtocolHandshake.java:128)
	at org.openqa.selenium.remote.ProtocolHandshake.createSession(ProtocolHandshake.java:74)
	at org.openqa.selenium.remote.HttpCommandExecutor.execute(HttpCommandExecutor.java:136)
	at org.openqa.selenium.remote.service.DriverCommandExecutor.execute(DriverCommandExecutor.java:83)
	at org.openqa.selenium.remote.RemoteWebDriver.execute(RemoteWebDriver.java:552)
	at org.openqa.selenium.remote.RemoteWebDriver.startSession(RemoteWebDriver.java:213)
	at org.openqa.selenium.remote.RemoteWebDriver.&lt;init&gt;(RemoteWebDriver.java:131)
	at org.openqa.selenium.chrome.ChromeDriver.&lt;init&gt;(ChromeDriver.java:181)
	at org.openqa.selenium.chrome.ChromeDriver.&lt;init&gt;(ChromeDriver.java:168)
	at org.openqa.selenium.chrome.ChromeDriver.&lt;init&gt;(ChromeDriver.java:123)
	at AutomationTest.WorkingElements.ElementIsPresentORnot.OpenBrowser(ElementIsPresentORnot.java:31)
... Removed 28 stack frames</pre></div><a href='#' onClick='toggleBox("stack-trace2032891036", this, "Click to show all stack frames", "Click to hide stack frames")'>Click to show all stack frames</a>
<div class='stack-trace' id='stack-trace2032891036'><pre>org.openqa.selenium.SessionNotCreatedException: session not created: This version of ChromeDriver only supports Chrome version 76
Build info: version: &apos;3.141.59&apos;, revision: &apos;e82be7d358&apos;, time: &apos;2018-11-14T08:25:48&apos;
System info: host: &apos;KERDASYPC&apos;, ip: &apos;192.168.1.88&apos;, os.name: &apos;Windows 10&apos;, os.arch: &apos;amd64&apos;, os.version: &apos;10.0&apos;, java.version: &apos;1.8.0_231&apos;
Driver info: driver.version: ChromeDriver
remote stacktrace: Backtrace:
	Ordinal0 [0x01327C93+1473683]
	Ordinal0 [0x012AADB1+961969]
	Ordinal0 [0x012342E3+475875]
	Ordinal0 [0x011CF365+62309]
	Ordinal0 [0x011CBC77+48247]
	Ordinal0 [0x011E9149+168265]
	Ordinal0 [0x011E8D1D+167197]
	Ordinal0 [0x011E742B+160811]
	Ordinal0 [0x011D0AE6+68326]
	Ordinal0 [0x011D1BF0+72688]
	Ordinal0 [0x011D1B89+72585]
	Ordinal0 [0x012C4B77+1067895]
	GetHandleVerifier [0x013C6875+506677]
	GetHandleVerifier [0x013C6610+506064]
	GetHandleVerifier [0x013CD1B8+533624]
	GetHandleVerifier [0x013C704A+508682]
	Ordinal0 [0x012BC266+1032806]
	Ordinal0 [0x012BC0DF+1032415]
	Ordinal0 [0x012C6A8B+1075851]
	Ordinal0 [0x012C6BF3+1076211]
	Ordinal0 [0x012C5BA5+1072037]
	BaseThreadInitThunk [0x75C20419+25]
	RtlGetAppContainerNamedObjectPath [0x7730662D+237]
	RtlGetAppContainerNamedObjectPath [0x773065FD+189]

	at sun.reflect.NativeConstructorAccessorImpl.newInstance0(Native Method)
	at sun.reflect.NativeConstructorAccessorImpl.newInstance(Unknown Source)
	at sun.reflect.DelegatingConstructorAccessorImpl.newInstance(Unknown Source)
	at java.lang.reflect.Constructor.newInstance(Unknown Source)
	at org.openqa.selenium.remote.W3CHandshakeResponse.lambda$errorHandler$0(W3CHandshakeResponse.java:62)
	at org.openqa.selenium.remote.HandshakeResponse.lambda$getResponseFunction$0(HandshakeResponse.java:30)
	at org.openqa.selenium.remote.ProtocolHandshake.lambda$createSession$0(ProtocolHandshake.java:126)
	at java.util.stream.ReferencePipeline$3$1.accept(Unknown Source)
	at java.util.Spliterators$ArraySpliterator.tryAdvance(Unknown Source)
	at java.util.stream.ReferencePipeline.forEachWithCancel(Unknown Source)
	at java.util.stream.AbstractPipeline.copyIntoWithCancel(Unknown Source)
	at java.util.stream.AbstractPipeline.copyInto(Unknown Source)
	at java.util.stream.AbstractPipeline.wrapAndCopyInto(Unknown Source)
	at java.util.stream.FindOps$FindOp.evaluateSequential(Unknown Source)
	at java.util.stream.AbstractPipeline.evaluate(Unknown Source)
	at java.util.stream.ReferencePipeline.findFirst(Unknown Source)
	at org.openqa.selenium.remote.ProtocolHandshake.createSession(ProtocolHandshake.java:128)
	at org.openqa.selenium.remote.ProtocolHandshake.createSession(ProtocolHandshake.java:74)
	at org.openqa.selenium.remote.HttpCommandExecutor.execute(HttpCommandExecutor.java:136)
	at org.openqa.selenium.remote.service.DriverCommandExecutor.execute(DriverCommandExecutor.java:83)
	at org.openqa.selenium.remote.RemoteWebDriver.execute(RemoteWebDriver.java:552)
	at org.openqa.selenium.remote.RemoteWebDriver.startSession(RemoteWebDriver.java:213)
	at org.openqa.selenium.remote.RemoteWebDriver.&lt;init&gt;(RemoteWebDriver.java:131)
	at org.openqa.selenium.chrome.ChromeDriver.&lt;init&gt;(ChromeDriver.java:181)
	at org.openqa.selenium.chrome.ChromeDriver.&lt;init&gt;(ChromeDriver.java:168)
	at org.openqa.selenium.chrome.ChromeDriver.&lt;init&gt;(ChromeDriver.java:123)
	at AutomationTest.WorkingElements.ElementIsPresentORnot.OpenBrowser(ElementIsPresentORnot.java:31)
	at sun.reflect.NativeMethodAccessorImpl.invoke0(Native Method)
	at sun.reflect.NativeMethodAccessorImpl.invoke(Unknown Source)
	at sun.reflect.DelegatingMethodAccessorImpl.invoke(Unknown Source)
	at java.lang.reflect.Method.invoke(Unknown Source)
	at org.testng.internal.MethodInvocationHelper.invokeMethod(MethodInvocationHelper.java:133)
	at org.testng.internal.MethodInvocationHelper.invokeMethodConsideringTimeout(MethodInvocationHelper.java:62)
	at org.testng.internal.ConfigInvoker.invokeConfigurationMethod(ConfigInvoker.java:340)
	at org.testng.internal.ConfigInvoker.invokeConfigurations(ConfigInvoker.java:294)
	at org.testng.TestRunner.invokeTestConfigurations(TestRunner.java:623)
	at org.testng.TestRunner.beforeRun(TestRunner.java:613)
	at org.testng.TestRunner.run(TestRunner.java:584)
	at org.testng.SuiteRunner.runTest(SuiteRunner.java:402)
	at org.testng.SuiteRunner.runSequentially(SuiteRunner.java:396)
	at org.testng.SuiteRunner.privateRun(SuiteRunner.java:355)
	at org.testng.SuiteRunner.run(SuiteRunner.java:304)
	at org.testng.SuiteRunnerWorker.runSuite(SuiteRunnerWorker.java:53)
	at org.testng.SuiteRunnerWorker.run(SuiteRunnerWorker.java:96)
	at org.testng.TestNG.runSuitesSequentially(TestNG.java:1180)
	at org.testng.TestNG.runSuitesLocally(TestNG.java:1102)
	at org.testng.TestNG.runSuites(TestNG.java:1032)
	at org.testng.TestNG.run(TestNG.java:1000)
	at org.testng.remote.AbstractRemoteTestNG.run(AbstractRemoteTestNG.java:115)
	at org.testng.remote.RemoteTestNG.initAndRun(RemoteTestNG.java:251)
	at org.testng.remote.RemoteTestNG.main(RemoteTestNG.java:77)
</pre></div></td>
<td>0</td>
<td>AutomationTest.WorkingElements.WorkingWithDropDownList@4bbfb90a</td></tr>
<tr>
<td title='AutomationTest.WorkingElements.TextBoxesAndButton.WorkingTextAndButtonsElement()'><b>WorkingTextAndButtonsElement</b><br>Test class: AutomationTest.WorkingElements.TextBoxesAndButton</td>
<td><div><pre>org.openqa.selenium.SessionNotCreatedException: session not created: This version of ChromeDriver only supports Chrome version 76
Build info: version: &apos;3.141.59&apos;, revision: &apos;e82be7d358&apos;, time: &apos;2018-11-14T08:25:48&apos;
System info: host: &apos;KERDASYPC&apos;, ip: &apos;192.168.1.88&apos;, os.name: &apos;Windows 10&apos;, os.arch: &apos;amd64&apos;, os.version: &apos;10.0&apos;, java.version: &apos;1.8.0_231&apos;
Driver info: driver.version: ChromeDriver
remote stacktrace: Backtrace:
	Ordinal0 [0x01327C93+1473683]
	Ordinal0 [0x012AADB1+961969]
	Ordinal0 [0x012342E3+475875]
	Ordinal0 [0x011CF365+62309]
	Ordinal0 [0x011CBC77+48247]
	Ordinal0 [0x011E9149+168265]
	Ordinal0 [0x011E8D1D+167197]
	Ordinal0 [0x011E742B+160811]
	Ordinal0 [0x011D0AE6+68326]
	Ordinal0 [0x011D1BF0+72688]
	Ordinal0 [0x011D1B89+72585]
	Ordinal0 [0x012C4B77+1067895]
	GetHandleVerifier [0x013C6875+506677]
	GetHandleVerifier [0x013C6610+506064]
	GetHandleVerifier [0x013CD1B8+533624]
	GetHandleVerifier [0x013C704A+508682]
	Ordinal0 [0x012BC266+1032806]
	Ordinal0 [0x012BC0DF+1032415]
	Ordinal0 [0x012C6A8B+1075851]
	Ordinal0 [0x012C6BF3+1076211]
	Ordinal0 [0x012C5BA5+1072037]
	BaseThreadInitThunk [0x75C20419+25]
	RtlGetAppContainerNamedObjectPath [0x7730662D+237]
	RtlGetAppContainerNamedObjectPath [0x773065FD+189]

	at org.openqa.selenium.remote.W3CHandshakeResponse.lambda$errorHandler$0(W3CHandshakeResponse.java:62)
	at org.openqa.selenium.remote.HandshakeResponse.lambda$getResponseFunction$0(HandshakeResponse.java:30)
	at org.openqa.selenium.remote.ProtocolHandshake.lambda$createSession$0(ProtocolHandshake.java:126)
	at java.util.stream.ReferencePipeline$3$1.accept(Unknown Source)
	at java.util.Spliterators$ArraySpliterator.tryAdvance(Unknown Source)
	at java.util.stream.ReferencePipeline.forEachWithCancel(Unknown Source)
	at java.util.stream.AbstractPipeline.copyIntoWithCancel(Unknown Source)
	at java.util.stream.AbstractPipeline.copyInto(Unknown Source)
	at java.util.stream.AbstractPipeline.wrapAndCopyInto(Unknown Source)
	at java.util.stream.FindOps$FindOp.evaluateSequential(Unknown Source)
	at java.util.stream.AbstractPipeline.evaluate(Unknown Source)
	at java.util.stream.ReferencePipeline.findFirst(Unknown Source)
	at org.openqa.selenium.remote.ProtocolHandshake.createSession(ProtocolHandshake.java:128)
	at org.openqa.selenium.remote.ProtocolHandshake.createSession(ProtocolHandshake.java:74)
	at org.openqa.selenium.remote.HttpCommandExecutor.execute(HttpCommandExecutor.java:136)
	at org.openqa.selenium.remote.service.DriverCommandExecutor.execute(DriverCommandExecutor.java:83)
	at org.openqa.selenium.remote.RemoteWebDriver.execute(RemoteWebDriver.java:552)
	at org.openqa.selenium.remote.RemoteWebDriver.startSession(RemoteWebDriver.java:213)
	at org.openqa.selenium.remote.RemoteWebDriver.&lt;init&gt;(RemoteWebDriver.java:131)
	at org.openqa.selenium.chrome.ChromeDriver.&lt;init&gt;(ChromeDriver.java:181)
	at org.openqa.selenium.chrome.ChromeDriver.&lt;init&gt;(ChromeDriver.java:168)
	at org.openqa.selenium.chrome.ChromeDriver.&lt;init&gt;(ChromeDriver.java:123)
	at AutomationTest.WorkingElements.ElementIsPresentORnot.OpenBrowser(ElementIsPresentORnot.java:31)
... Removed 28 stack frames</pre></div><a href='#' onClick='toggleBox("stack-trace1621002296", this, "Click to show all stack frames", "Click to hide stack frames")'>Click to show all stack frames</a>
<div class='stack-trace' id='stack-trace1621002296'><pre>org.openqa.selenium.SessionNotCreatedException: session not created: This version of ChromeDriver only supports Chrome version 76
Build info: version: &apos;3.141.59&apos;, revision: &apos;e82be7d358&apos;, time: &apos;2018-11-14T08:25:48&apos;
System info: host: &apos;KERDASYPC&apos;, ip: &apos;192.168.1.88&apos;, os.name: &apos;Windows 10&apos;, os.arch: &apos;amd64&apos;, os.version: &apos;10.0&apos;, java.version: &apos;1.8.0_231&apos;
Driver info: driver.version: ChromeDriver
remote stacktrace: Backtrace:
	Ordinal0 [0x01327C93+1473683]
	Ordinal0 [0x012AADB1+961969]
	Ordinal0 [0x012342E3+475875]
	Ordinal0 [0x011CF365+62309]
	Ordinal0 [0x011CBC77+48247]
	Ordinal0 [0x011E9149+168265]
	Ordinal0 [0x011E8D1D+167197]
	Ordinal0 [0x011E742B+160811]
	Ordinal0 [0x011D0AE6+68326]
	Ordinal0 [0x011D1BF0+72688]
	Ordinal0 [0x011D1B89+72585]
	Ordinal0 [0x012C4B77+1067895]
	GetHandleVerifier [0x013C6875+506677]
	GetHandleVerifier [0x013C6610+506064]
	GetHandleVerifier [0x013CD1B8+533624]
	GetHandleVerifier [0x013C704A+508682]
	Ordinal0 [0x012BC266+1032806]
	Ordinal0 [0x012BC0DF+1032415]
	Ordinal0 [0x012C6A8B+1075851]
	Ordinal0 [0x012C6BF3+1076211]
	Ordinal0 [0x012C5BA5+1072037]
	BaseThreadInitThunk [0x75C20419+25]
	RtlGetAppContainerNamedObjectPath [0x7730662D+237]
	RtlGetAppContainerNamedObjectPath [0x773065FD+189]

	at sun.reflect.NativeConstructorAccessorImpl.newInstance0(Native Method)
	at sun.reflect.NativeConstructorAccessorImpl.newInstance(Unknown Source)
	at sun.reflect.DelegatingConstructorAccessorImpl.newInstance(Unknown Source)
	at java.lang.reflect.Constructor.newInstance(Unknown Source)
	at org.openqa.selenium.remote.W3CHandshakeResponse.lambda$errorHandler$0(W3CHandshakeResponse.java:62)
	at org.openqa.selenium.remote.HandshakeResponse.lambda$getResponseFunction$0(HandshakeResponse.java:30)
	at org.openqa.selenium.remote.ProtocolHandshake.lambda$createSession$0(ProtocolHandshake.java:126)
	at java.util.stream.ReferencePipeline$3$1.accept(Unknown Source)
	at java.util.Spliterators$ArraySpliterator.tryAdvance(Unknown Source)
	at java.util.stream.ReferencePipeline.forEachWithCancel(Unknown Source)
	at java.util.stream.AbstractPipeline.copyIntoWithCancel(Unknown Source)
	at java.util.stream.AbstractPipeline.copyInto(Unknown Source)
	at java.util.stream.AbstractPipeline.wrapAndCopyInto(Unknown Source)
	at java.util.stream.FindOps$FindOp.evaluateSequential(Unknown Source)
	at java.util.stream.AbstractPipeline.evaluate(Unknown Source)
	at java.util.stream.ReferencePipeline.findFirst(Unknown Source)
	at org.openqa.selenium.remote.ProtocolHandshake.createSession(ProtocolHandshake.java:128)
	at org.openqa.selenium.remote.ProtocolHandshake.createSession(ProtocolHandshake.java:74)
	at org.openqa.selenium.remote.HttpCommandExecutor.execute(HttpCommandExecutor.java:136)
	at org.openqa.selenium.remote.service.DriverCommandExecutor.execute(DriverCommandExecutor.java:83)
	at org.openqa.selenium.remote.RemoteWebDriver.execute(RemoteWebDriver.java:552)
	at org.openqa.selenium.remote.RemoteWebDriver.startSession(RemoteWebDriver.java:213)
	at org.openqa.selenium.remote.RemoteWebDriver.&lt;init&gt;(RemoteWebDriver.java:131)
	at org.openqa.selenium.chrome.ChromeDriver.&lt;init&gt;(ChromeDriver.java:181)
	at org.openqa.selenium.chrome.ChromeDriver.&lt;init&gt;(ChromeDriver.java:168)
	at org.openqa.selenium.chrome.ChromeDriver.&lt;init&gt;(ChromeDriver.java:123)
	at AutomationTest.WorkingElements.ElementIsPresentORnot.OpenBrowser(ElementIsPresentORnot.java:31)
	at sun.reflect.NativeMethodAccessorImpl.invoke0(Native Method)
	at sun.reflect.NativeMethodAccessorImpl.invoke(Unknown Source)
	at sun.reflect.DelegatingMethodAccessorImpl.invoke(Unknown Source)
	at java.lang.reflect.Method.invoke(Unknown Source)
	at org.testng.internal.MethodInvocationHelper.invokeMethod(MethodInvocationHelper.java:133)
	at org.testng.internal.MethodInvocationHelper.invokeMethodConsideringTimeout(MethodInvocationHelper.java:62)
	at org.testng.internal.ConfigInvoker.invokeConfigurationMethod(ConfigInvoker.java:340)
	at org.testng.internal.ConfigInvoker.invokeConfigurations(ConfigInvoker.java:294)
	at org.testng.TestRunner.invokeTestConfigurations(TestRunner.java:623)
	at org.testng.TestRunner.beforeRun(TestRunner.java:613)
	at org.testng.TestRunner.run(TestRunner.java:584)
	at org.testng.SuiteRunner.runTest(SuiteRunner.java:402)
	at org.testng.SuiteRunner.runSequentially(SuiteRunner.java:396)
	at org.testng.SuiteRunner.privateRun(SuiteRunner.java:355)
	at org.testng.SuiteRunner.run(SuiteRunner.java:304)
	at org.testng.SuiteRunnerWorker.runSuite(SuiteRunnerWorker.java:53)
	at org.testng.SuiteRunnerWorker.run(SuiteRunnerWorker.java:96)
	at org.testng.TestNG.runSuitesSequentially(TestNG.java:1180)
	at org.testng.TestNG.runSuitesLocally(TestNG.java:1102)
	at org.testng.TestNG.runSuites(TestNG.java:1032)
	at org.testng.TestNG.run(TestNG.java:1000)
	at org.testng.remote.AbstractRemoteTestNG.run(AbstractRemoteTestNG.java:115)
	at org.testng.remote.RemoteTestNG.initAndRun(RemoteTestNG.java:251)
	at org.testng.remote.RemoteTestNG.main(RemoteTestNG.java:77)
</pre></div></td>
<td>0</td>
<td>AutomationTest.WorkingElements.TextBoxesAndButton@30b8a058</td></tr>
</table><p>
</body>
</html>