<?xml version="1.0" encoding="UTF-8"?>
<!-- Generated by org.testng.reporters.JUnitXMLReporter -->
<testsuite hostname="KerdasyPC" ignored="0" name="Test" tests="9" failures="0" timestamp="2019-11-12T11:33:55 EET" time="3.396" errors="0">
  <testcase name="@BeforeTest OpenBrowser" time="3.301" classname="AutomationTest.WorkingElements.ElementIsPresentORnot">
    <failure type="org.openqa.selenium.SessionNotCreatedException" message="session not created: This version of ChromeDriver only supports Chrome version 76
Build info: version: &amp;apos;3.141.59&amp;apos;, revision: &amp;apos;e82be7d358&amp;apos;, time: &amp;apos;2018-11-14T08:25:48&amp;apos;
System info: host: &amp;apos;KERDASYPC&amp;apos;, ip: &amp;apos;192.168.1.88&amp;apos;, os.name: &amp;apos;Windows 10&amp;apos;, os.arch: &amp;apos;amd64&amp;apos;, os.version: &amp;apos;10.0&amp;apos;, java.version: &amp;apos;1.8.0_231&amp;apos;
Driver info: driver.version: ChromeDriver
remote stacktrace: Backtrace:
	Ordinal0 [0x01327C93+1473683]
	Ordinal0 [0x012AADB1+961969]
	Ordinal0 [0x012342E3+475875]
	Ordinal0 [0x011CF365+62309]
	Ordinal0 [0x011CBC77+48247]
	Ordinal0 [0x011E9149+168265]
	Ordinal0 [0x011E8D1D+167197]
	Ordinal0 [0x011E742B+160811]
	Ordinal0 [0x011D0AE6+68326]
	Ordinal0 [0x011D1BF0+72688]
	Ordinal0 [0x011D1B89+72585]
	Ordinal0 [0x012C4B77+1067895]
	GetHandleVerifier [0x013C6875+506677]
	GetHandleVerifier [0x013C6610+506064]
	GetHandleVerifier [0x013CD1B8+533624]
	GetHandleVerifier [0x013C704A+508682]
	Ordinal0 [0x012BC266+1032806]
	Ordinal0 [0x012BC0DF+1032415]
	Ordinal0 [0x012C6A8B+1075851]
	Ordinal0 [0x012C6BF3+1076211]
	Ordinal0 [0x012C5BA5+1072037]
	BaseThreadInitThunk [0x75C20419+25]
	RtlGetAppContainerNamedObjectPath [0x7730662D+237]
	RtlGetAppContainerNamedObjectPath [0x773065FD+189]
">
      <![CDATA[org.openqa.selenium.SessionNotCreatedException: session not created: This version of ChromeDriver only supports Chrome version 76
Build info: version: '3.141.59', revision: 'e82be7d358', time: '2018-11-14T08:25:48'
System info: host: 'KERDASYPC', ip: '192.168.1.88', os.name: 'Windows 10', os.arch: 'amd64', os.version: '10.0', java.version: '1.8.0_231'
Driver info: driver.version: ChromeDriver
remote stacktrace: Backtrace:
Ordinal0 [0x01327C93+1473683]
Ordinal0 [0x012AADB1+961969]
Ordinal0 [0x012342E3+475875]
Ordinal0 [0x011CF365+62309]
Ordinal0 [0x011CBC77+48247]
Ordinal0 [0x011E9149+168265]
Ordinal0 [0x011E8D1D+167197]
Ordinal0 [0x011E742B+160811]
Ordinal0 [0x011D0AE6+68326]
Ordinal0 [0x011D1BF0+72688]
Ordinal0 [0x011D1B89+72585]
Ordinal0 [0x012C4B77+1067895]
GetHandleVerifier [0x013C6875+506677]
GetHandleVerifier [0x013C6610+506064]
GetHandleVerifier [0x013CD1B8+533624]
GetHandleVerifier [0x013C704A+508682]
Ordinal0 [0x012BC266+1032806]
Ordinal0 [0x012BC0DF+1032415]
Ordinal0 [0x012C6A8B+1075851]
Ordinal0 [0x012C6BF3+1076211]
Ordinal0 [0x012C5BA5+1072037]
BaseThreadInitThunk [0x75C20419+25]
RtlGetAppContainerNamedObjectPath [0x7730662D+237]
RtlGetAppContainerNamedObjectPath [0x773065FD+189]

at org.openqa.selenium.remote.W3CHandshakeResponse.lambda$errorHandler$0(W3CHandshakeResponse.java:62)
at org.openqa.selenium.remote.HandshakeResponse.lambda$getResponseFunction$0(HandshakeResponse.java:30)
at org.openqa.selenium.remote.ProtocolHandshake.lambda$createSession$0(ProtocolHandshake.java:126)
at java.util.stream.ReferencePipeline$3$1.accept(Unknown Source)
at java.util.Spliterators$ArraySpliterator.tryAdvance(Unknown Source)
at java.util.stream.ReferencePipeline.forEachWithCancel(Unknown Source)
at java.util.stream.AbstractPipeline.copyIntoWithCancel(Unknown Source)
at java.util.stream.AbstractPipeline.copyInto(Unknown Source)
at java.util.stream.AbstractPipeline.wrapAndCopyInto(Unknown Source)
at java.util.stream.FindOps$FindOp.evaluateSequential(Unknown Source)
at java.util.stream.AbstractPipeline.evaluate(Unknown Source)
at java.util.stream.ReferencePipeline.findFirst(Unknown Source)
at org.openqa.selenium.remote.ProtocolHandshake.createSession(ProtocolHandshake.java:128)
at org.openqa.selenium.remote.ProtocolHandshake.createSession(ProtocolHandshake.java:74)
at org.openqa.selenium.remote.HttpCommandExecutor.execute(HttpCommandExecutor.java:136)
at org.openqa.selenium.remote.service.DriverCommandExecutor.execute(DriverCommandExecutor.java:83)
at org.openqa.selenium.remote.RemoteWebDriver.execute(RemoteWebDriver.java:552)
at org.openqa.selenium.remote.RemoteWebDriver.startSession(RemoteWebDriver.java:213)
at org.openqa.selenium.remote.RemoteWebDriver.<init>(RemoteWebDriver.java:131)
at org.openqa.selenium.chrome.ChromeDriver.<init>(ChromeDriver.java:181)
at org.openqa.selenium.chrome.ChromeDriver.<init>(ChromeDriver.java:168)
at org.openqa.selenium.chrome.ChromeDriver.<init>(ChromeDriver.java:123)
at AutomationTest.WorkingElements.ElementIsPresentORnot.OpenBrowser(ElementIsPresentORnot.java:31)
... Removed 28 stack frames]]>
    </failure>
  </testcase> <!-- @BeforeTest OpenBrowser -->
  <testcase name="@BeforeTest OpenBrowser" time="-1.573551235023E9" classname="AutomationTest.WorkingElements.TextBoxesAndButton">
    <skipped/>
  </testcase> <!-- @BeforeTest OpenBrowser -->
  <testcase name="@BeforeTest OpenBrowser" time="-1.573551235025E9" classname="AutomationTest.WorkingElements.WorkingWithCheckBoxes">
    <skipped/>
  </testcase> <!-- @BeforeTest OpenBrowser -->
  <testcase name="@BeforeTest OpenBrowser" time="-1.573551235026E9" classname="AutomationTest.WorkingElements.WorkingWithDoupleClicking">
    <skipped/>
  </testcase> <!-- @BeforeTest OpenBrowser -->
  <testcase name="@BeforeTest OpenBrowser" time="-1.573551235027E9" classname="AutomationTest.WorkingElements.WorkingWithDragAndDrop">
    <skipped/>
  </testcase> <!-- @BeforeTest OpenBrowser -->
  <testcase name="@BeforeTest OpenBrowser" time="-1.573551235028E9" classname="AutomationTest.WorkingElements.WorkingWithDropDownList">
    <skipped/>
  </testcase> <!-- @BeforeTest OpenBrowser -->
  <testcase name="@BeforeTest OpenBrowser" time="-1.573551235029E9" classname="AutomationTest.WorkingElements.WorkingWithHTML5video">
    <skipped/>
  </testcase> <!-- @BeforeTest OpenBrowser -->
  <testcase name="@BeforeTest OpenBrowser" time="-1.57355123503E9" classname="AutomationTest.WorkingElements.WorkingWithTables">
    <skipped/>
  </testcase> <!-- @BeforeTest OpenBrowser -->
  <testcase name="@BeforeTest OpenBrowser" time="-1.573551235031E9" classname="AutomationTest.WorkingElements.WorkingWithTakeScreenshot">
    <skipped/>
  </testcase> <!-- @BeforeTest OpenBrowser -->
  <testcase name="@AfterMethod TakeScreenShotTest" time="-1.573551235083E9" classname="AutomationTest.WorkingElements.WorkingWithTakeScreenshot">
    <skipped/>
  </testcase> <!-- @AfterMethod TakeScreenShotTest -->
  <testcase name="@AfterTest CloseBrowser" time="-1.573551235092E9" classname="AutomationTest.WorkingElements.ElementIsPresentORnot">
    <skipped/>
  </testcase> <!-- @AfterTest CloseBrowser -->
  <testcase name="@AfterTest CloseBrowser" time="-1.573551235093E9" classname="AutomationTest.WorkingElements.TextBoxesAndButton">
    <skipped/>
  </testcase> <!-- @AfterTest CloseBrowser -->
  <testcase name="@AfterTest CloseBrowser" time="-1.573551235094E9" classname="AutomationTest.WorkingElements.WorkingWithCheckBoxes">
    <skipped/>
  </testcase> <!-- @AfterTest CloseBrowser -->
  <testcase name="@AfterTest CloseBrowser" time="-1.573551235095E9" classname="AutomationTest.WorkingElements.WorkingWithDoupleClicking">
    <skipped/>
  </testcase> <!-- @AfterTest CloseBrowser -->
  <testcase name="@AfterTest CloseBrowser" time="-1.573551235096E9" classname="AutomationTest.WorkingElements.WorkingWithDragAndDrop">
    <skipped/>
  </testcase> <!-- @AfterTest CloseBrowser -->
  <testcase name="@AfterTest CloseBrowser" time="-1.573551235097E9" classname="AutomationTest.WorkingElements.WorkingWithDropDownList">
    <skipped/>
  </testcase> <!-- @AfterTest CloseBrowser -->
  <testcase name="@AfterTest CloseBrowser" time="-1.573551235098E9" classname="AutomationTest.WorkingElements.WorkingWithHTML5video">
    <skipped/>
  </testcase> <!-- @AfterTest CloseBrowser -->
  <testcase name="@AfterTest CloseBrowser" time="-1.573551235099E9" classname="AutomationTest.WorkingElements.WorkingWithTables">
    <skipped/>
  </testcase> <!-- @AfterTest CloseBrowser -->
  <testcase name="@AfterTest CloseBrowser" time="-1.5735512351E9" classname="AutomationTest.WorkingElements.WorkingWithTakeScreenshot">
    <skipped/>
  </testcase> <!-- @AfterTest CloseBrowser -->
  <testcase name="WorkingDropDown" time="0.0" classname="AutomationTest.WorkingElements.WorkingWithTables">
    <skipped/>
  </testcase> <!-- WorkingDropDown -->
  <testcase name="WorkingTextAndButtonsElement" time="0.0" classname="AutomationTest.WorkingElements.TextBoxesAndButton">
    <skipped/>
  </testcase> <!-- WorkingTextAndButtonsElement -->
  <testcase name="WorkingCheckBoxes" time="0.0" classname="AutomationTest.WorkingElements.WorkingWithCheckBoxes">
    <skipped/>
  </testcase> <!-- WorkingCheckBoxes -->
  <testcase name="WorkingDropDown" time="0.0" classname="AutomationTest.WorkingElements.WorkingWithDropDownList">
    <skipped/>
  </testcase> <!-- WorkingDropDown -->
  <testcase name="DragAndDropTest" time="0.0" classname="AutomationTest.WorkingElements.WorkingWithDragAndDrop">
    <skipped/>
  </testcase> <!-- DragAndDropTest -->
  <testcase name="TestHTML5Video" time="0.0" classname="AutomationTest.WorkingElements.WorkingWithHTML5video">
    <skipped/>
  </testcase> <!-- TestHTML5Video -->
  <testcase name="ScreenShotTest" time="0.0" classname="AutomationTest.WorkingElements.WorkingWithTakeScreenshot">
    <skipped/>
  </testcase> <!-- ScreenShotTest -->
  <testcase name="DoupleClickingTest" time="0.0" classname="AutomationTest.WorkingElements.WorkingWithDoupleClicking">
    <skipped/>
  </testcase> <!-- DoupleClickingTest -->
  <testcase name="FindElement" time="0.0" classname="AutomationTest.WorkingElements.ElementIsPresentORnot">
    <skipped/>
  </testcase> <!-- FindElement -->
</testsuite> <!-- Test -->
