<?xml version="1.0" encoding="UTF-8"?>
<!-- Generated by org.testng.reporters.JUnitReportReporter -->
<testsuite skipped="1" hostname="KerdasyPC" name="AutomationTest.WorkingElements.ElementIsPresentORnot" tests="2" failures="0" timestamp="2019-11-13T16:45:19 EET" time="2.107" errors="1">
  <testcase name="FindElement" time="0.000" classname="AutomationTest.WorkingElements.ElementIsPresentORnot">
    <skipped/>
  </testcase> <!-- FindElement -->
  <testcase name="OpenBrowser" time="2.107" classname="AutomationTest.WorkingElements.ElementIsPresentORnot">
    <error type="org.openqa.selenium.SessionNotCreatedException" message="session not created: This version of ChromeDriver only supports Chrome version 76
Build info: version: &#039;3.141.59&#039;, revision: &#039;e82be7d358&#039;, time: &#039;2018-11-14T08:25:48&#039;
System info: host: &#039;KERDASYPC&#039;, ip: &#039;192.168.1.88&#039;, os.name: &#039;Windows 10&#039;, os.arch: &#039;amd64&#039;, os.version: &#039;10.0&#039;, java.version: &#039;1.8.0_231&#039;
Driver info: driver.version: ChromeDriver
remote stacktrace: Backtrace:
	Ordinal0 [0x01377C93+1473683]
	Ordinal0 [0x012FADB1+961969]
	Ordinal0 [0x012842E3+475875]
	Ordinal0 [0x0121F365+62309]
	Ordinal0 [0x0121BC77+48247]
	Ordinal0 [0x01239149+168265]
	Ordinal0 [0x01238D1D+167197]
	Ordinal0 [0x0123742B+160811]
	Ordinal0 [0x01220AE6+68326]
	Ordinal0 [0x01221BF0+72688]
	Ordinal0 [0x01221B89+72585]
	Ordinal0 [0x01314B77+1067895]
	GetHandleVerifier [0x01416875+506677]
	GetHandleVerifier [0x01416610+506064]
	GetHandleVerifier [0x0141D1B8+533624]
	GetHandleVerifier [0x0141704A+508682]
	Ordinal0 [0x0130C266+1032806]
	Ordinal0 [0x0130C0DF+1032415]
	Ordinal0 [0x01316A8B+1075851]
	Ordinal0 [0x01316BF3+1076211]
	Ordinal0 [0x01315BA5+1072037]
	BaseThreadInitThunk [0x75C20419+25]
	RtlGetAppContainerNamedObjectPath [0x7730662D+237]
	RtlGetAppContainerNamedObjectPath [0x773065FD+189]
">
      <![CDATA[org.openqa.selenium.SessionNotCreatedException: session not created: This version of ChromeDriver only supports Chrome version 76
Build info: version: '3.141.59', revision: 'e82be7d358', time: '2018-11-14T08:25:48'
System info: host: 'KERDASYPC', ip: '192.168.1.88', os.name: 'Windows 10', os.arch: 'amd64', os.version: '10.0', java.version: '1.8.0_231'
Driver info: driver.version: ChromeDriver
remote stacktrace: Backtrace:
Ordinal0 [0x01377C93+1473683]
Ordinal0 [0x012FADB1+961969]
Ordinal0 [0x012842E3+475875]
Ordinal0 [0x0121F365+62309]
Ordinal0 [0x0121BC77+48247]
Ordinal0 [0x01239149+168265]
Ordinal0 [0x01238D1D+167197]
Ordinal0 [0x0123742B+160811]
Ordinal0 [0x01220AE6+68326]
Ordinal0 [0x01221BF0+72688]
Ordinal0 [0x01221B89+72585]
Ordinal0 [0x01314B77+1067895]
GetHandleVerifier [0x01416875+506677]
GetHandleVerifier [0x01416610+506064]
GetHandleVerifier [0x0141D1B8+533624]
GetHandleVerifier [0x0141704A+508682]
Ordinal0 [0x0130C266+1032806]
Ordinal0 [0x0130C0DF+1032415]
Ordinal0 [0x01316A8B+1075851]
Ordinal0 [0x01316BF3+1076211]
Ordinal0 [0x01315BA5+1072037]
BaseThreadInitThunk [0x75C20419+25]
RtlGetAppContainerNamedObjectPath [0x7730662D+237]
RtlGetAppContainerNamedObjectPath [0x773065FD+189]

at sun.reflect.NativeConstructorAccessorImpl.newInstance0(Native Method)
at sun.reflect.NativeConstructorAccessorImpl.newInstance(Unknown Source)
at sun.reflect.DelegatingConstructorAccessorImpl.newInstance(Unknown Source)
at java.lang.reflect.Constructor.newInstance(Unknown Source)
at org.openqa.selenium.remote.W3CHandshakeResponse.lambda$errorHandler$0(W3CHandshakeResponse.java:62)
at org.openqa.selenium.remote.HandshakeResponse.lambda$getResponseFunction$0(HandshakeResponse.java:30)
at org.openqa.selenium.remote.ProtocolHandshake.lambda$createSession$0(ProtocolHandshake.java:126)
at java.util.stream.ReferencePipeline$3$1.accept(Unknown Source)
at java.util.Spliterators$ArraySpliterator.tryAdvance(Unknown Source)
at java.util.stream.ReferencePipeline.forEachWithCancel(Unknown Source)
at java.util.stream.AbstractPipeline.copyIntoWithCancel(Unknown Source)
at java.util.stream.AbstractPipeline.copyInto(Unknown Source)
at java.util.stream.AbstractPipeline.wrapAndCopyInto(Unknown Source)
at java.util.stream.FindOps$FindOp.evaluateSequential(Unknown Source)
at java.util.stream.AbstractPipeline.evaluate(Unknown Source)
at java.util.stream.ReferencePipeline.findFirst(Unknown Source)
at org.openqa.selenium.remote.ProtocolHandshake.createSession(ProtocolHandshake.java:128)
at org.openqa.selenium.remote.ProtocolHandshake.createSession(ProtocolHandshake.java:74)
at org.openqa.selenium.remote.HttpCommandExecutor.execute(HttpCommandExecutor.java:136)
at org.openqa.selenium.remote.service.DriverCommandExecutor.execute(DriverCommandExecutor.java:83)
at org.openqa.selenium.remote.RemoteWebDriver.execute(RemoteWebDriver.java:552)
at org.openqa.selenium.remote.RemoteWebDriver.startSession(RemoteWebDriver.java:213)
at org.openqa.selenium.remote.RemoteWebDriver.<init>(RemoteWebDriver.java:131)
at org.openqa.selenium.chrome.ChromeDriver.<init>(ChromeDriver.java:181)
at org.openqa.selenium.chrome.ChromeDriver.<init>(ChromeDriver.java:168)
at org.openqa.selenium.chrome.ChromeDriver.<init>(ChromeDriver.java:123)
at AutomationTest.WorkingElements.ElementIsPresentORnot.OpenBrowser(ElementIsPresentORnot.java:31)
at sun.reflect.NativeMethodAccessorImpl.invoke0(Native Method)
at sun.reflect.NativeMethodAccessorImpl.invoke(Unknown Source)
at sun.reflect.DelegatingMethodAccessorImpl.invoke(Unknown Source)
at java.lang.reflect.Method.invoke(Unknown Source)
at org.testng.internal.MethodInvocationHelper.invokeMethod(MethodInvocationHelper.java:133)
at org.testng.internal.MethodInvocationHelper.invokeMethodConsideringTimeout(MethodInvocationHelper.java:62)
at org.testng.internal.ConfigInvoker.invokeConfigurationMethod(ConfigInvoker.java:340)
at org.testng.internal.ConfigInvoker.invokeConfigurations(ConfigInvoker.java:294)
at org.testng.TestRunner.invokeTestConfigurations(TestRunner.java:623)
at org.testng.TestRunner.beforeRun(TestRunner.java:613)
at org.testng.TestRunner.run(TestRunner.java:584)
at org.testng.SuiteRunner.runTest(SuiteRunner.java:402)
at org.testng.SuiteRunner.runSequentially(SuiteRunner.java:396)
at org.testng.SuiteRunner.privateRun(SuiteRunner.java:355)
at org.testng.SuiteRunner.run(SuiteRunner.java:304)
at org.testng.SuiteRunnerWorker.runSuite(SuiteRunnerWorker.java:53)
at org.testng.SuiteRunnerWorker.run(SuiteRunnerWorker.java:96)
at org.testng.TestNG.runSuitesSequentially(TestNG.java:1180)
at org.testng.TestNG.runSuitesLocally(TestNG.java:1102)
at org.testng.TestNG.runSuites(TestNG.java:1032)
at org.testng.TestNG.run(TestNG.java:1000)
at org.testng.remote.AbstractRemoteTestNG.run(AbstractRemoteTestNG.java:115)
at org.testng.remote.RemoteTestNG.initAndRun(RemoteTestNG.java:251)
at org.testng.remote.RemoteTestNG.main(RemoteTestNG.java:77)
]]>
    </error>
  </testcase> <!-- OpenBrowser -->
</testsuite> <!-- AutomationTest.WorkingElements.ElementIsPresentORnot -->
